[2019-01-08 15:37:10,842] [INFO] "GET /index HTTP/1.1" 200 5781
[2019-01-08 15:37:10,917] [INFO] "GET /static/css/style.default.css HTTP/1.1" 200 121140
[2019-01-08 15:37:10,921] [INFO] "GET /static/js/plugins/jquery.uniform.min.js HTTP/1.1" 200 9323
[2019-01-08 15:37:10,922] [INFO] "GET /static/js/plugins/jquery.cookie.js HTTP/1.1" 200 1782
[2019-01-08 15:37:10,923] [INFO] "GET /static/js/plugins/jquery-ui-1.8.16.custom.min.js HTTP/1.1" 200 210463
[2019-01-08 15:37:10,924] [INFO] "GET /static/js/plugins/jquery-1.7.min.js HTTP/1.1" 200 94020
[2019-01-08 15:37:10,930] [INFO] "GET /static/css/plugins/jquery.alerts.css HTTP/1.1" 200 2503
[2019-01-08 15:37:10,930] [INFO] "GET /static/fonts/roboto.css HTTP/1.1" 200 6933
[2019-01-08 15:37:10,936] [INFO] "GET /static/css/plugins/uniform.tp.css HTTP/1.1" 200 10550
[2019-01-08 15:37:10,939] [INFO] "GET /static/css/plugins/jquery.ui.css HTTP/1.1" 200 9186
[2019-01-08 15:37:10,941] [INFO] "GET /static/css/plugins/jquery.ui.autocomplete.css HTTP/1.1" 200 901
[2019-01-08 15:37:10,943] [INFO] "GET /static/css/plugins/fullcalendar.css HTTP/1.1" 200 11810
[2019-01-08 15:37:10,945] [INFO] "GET /static/css/plugins/colorbox.css HTTP/1.1" 200 2259
[2019-01-08 15:37:10,946] [INFO] "GET /static/css/plugins/colorpicker.css HTTP/1.1" 200 3435
[2019-01-08 15:37:10,949] [INFO] "GET /static/css/plugins/jquery.jgrowl.css HTTP/1.1" 200 1943
[2019-01-08 15:37:10,951] [INFO] "GET /static/css/plugins/jquery.tagsinput.css HTTP/1.1" 200 918
[2019-01-08 15:37:10,951] [INFO] "GET /static/css/plugins/ui.spinner.css HTTP/1.1" 200 506
[2019-01-08 15:37:10,953] [INFO] "GET /static/css/plugins/jquery.chosen.css HTTP/1.1" 200 11789
[2019-01-08 15:37:10,954] [INFO] "GET /static/js/plugins/jquery.slimscroll.js HTTP/1.1" 200 7724
[2019-01-08 15:37:10,956] [INFO] "GET /static/js/custom/general.js HTTP/1.1" 200 9570
[2019-01-08 15:37:11,007] [INFO] "GET /static/images/thumbs/avatar.png HTTP/1.1" 200 1473
[2019-01-08 15:37:11,012] [INFO] "GET /static/images/default/topheaderbg.png HTTP/1.1" 200 4093
[2019-01-08 15:37:11,013] [INFO] "GET /static/images/thumbs/avatarbig.png HTTP/1.1" 200 16493
[2019-01-08 15:37:11,013] [INFO] "GET /static/images/line.ccc.png HTTP/1.1" 200 109
[2019-01-08 15:37:11,015] [INFO] "GET /static/fonts/Roboto-Condensed-webfont.woff HTTP/1.1" 200 21836
[2019-01-08 15:37:11,016] [INFO] "GET /static/fonts/Roboto-BoldCondensed-webfont.woff HTTP/1.1" 200 21440
[2019-01-08 15:37:11,025] [INFO] "GET /static/images/default/headerbg.png HTTP/1.1" 200 1144
[2019-01-08 15:37:11,026] [INFO] "GET /static/images/icons/blogperfume/Advertisment/advertisment-32.png HTTP/1.1" 200 2590
[2019-01-08 15:37:11,026] [INFO] "GET /static/images/icons/message.white.png HTTP/1.1" 200 556
[2019-01-08 15:37:11,026] [INFO] "GET /static/images/default/noise.white.png HTTP/1.1" 200 7924
[2019-01-08 15:37:11,029] [INFO] "GET /static/images/default/icons_sprite.png HTTP/1.1" 200 3631
[2019-01-08 15:37:11,030] [INFO] "GET /static/images/default/arrow-active.png HTTP/1.1" 200 21122
[2019-01-08 15:37:11,035] [INFO] "GET /static/images/menucollapsed.png HTTP/1.1" 200 875
[2019-01-08 15:37:11,036] [INFO] "GET /static/images/icons/pencil.white.png HTTP/1.1" 200 464
[2019-01-08 15:37:11,037] [INFO] "GET /static/images/icons/chart.white.png HTTP/1.1" 200 231
[2019-01-08 15:37:11,038] [INFO] "GET /static/images/icons/flatscreen.white.png HTTP/1.1" 200 337
[2019-01-08 15:37:11,041] [INFO] "GET /static/images/close.png HTTP/1.1" 200 1781
[2019-01-08 15:37:11,041] [INFO] "GET /static/images/default/menuarrow.png HTTP/1.1" 200 2884
[2019-01-08 15:37:36,466] [INFO] "GET /static/images/default/bghover.png HTTP/1.1" 200 17273
[2019-01-08 15:37:36,987] [INFO] "GET /assets HTTP/1.1" 200 5446
[2019-01-08 15:37:37,010] [INFO] "GET /static/css/style.default.css HTTP/1.1" 200 121140
[2019-01-08 15:37:37,014] [INFO] "GET /static/js/plugins/jquery.uniform.min.js HTTP/1.1" 200 9323
[2019-01-08 15:37:37,013] [INFO] "GET /static/js/plugins/jquery.cookie.js HTTP/1.1" 200 1782
[2019-01-08 15:37:37,016] [INFO] "GET /static/js/plugins/jquery-1.7.min.js HTTP/1.1" 200 94020
[2019-01-08 15:37:37,017] [INFO] "GET /static/js/plugins/jquery.validate.min.js HTTP/1.1" 200 21601
[2019-01-08 15:37:37,018] [INFO] "GET /static/js/plugins/jquery.dataTables.min.js HTTP/1.1" 200 70883
[2019-01-08 15:37:37,019] [INFO] "GET /static/js/plugins/jquery-ui-1.8.16.custom.min.js HTTP/1.1" 200 210463
[2019-01-08 15:37:37,032] [INFO] "GET /static/css/plugins/jquery.alerts.css HTTP/1.1" 200 2503
[2019-01-08 15:37:37,033] [INFO] "GET /static/fonts/roboto.css HTTP/1.1" 200 6933
[2019-01-08 15:37:37,036] [INFO] "GET /static/css/plugins/uniform.tp.css HTTP/1.1" 200 10550
[2019-01-08 15:37:37,037] [INFO] "GET /static/css/plugins/jquery.ui.css HTTP/1.1" 200 9186
[2019-01-08 15:37:37,037] [INFO] "GET /static/css/plugins/jquery.ui.autocomplete.css HTTP/1.1" 200 901
[2019-01-08 15:37:37,039] [INFO] "GET /static/css/plugins/colorbox.css HTTP/1.1" 200 2259
[2019-01-08 15:37:37,040] [INFO] "GET /static/css/plugins/fullcalendar.css HTTP/1.1" 200 11810
[2019-01-08 15:37:37,041] [INFO] "GET /static/css/plugins/colorpicker.css HTTP/1.1" 200 3435
[2019-01-08 15:37:37,044] [INFO] "GET /static/css/plugins/jquery.jgrowl.css HTTP/1.1" 200 1943
[2019-01-08 15:37:37,047] [INFO] "GET /static/css/plugins/jquery.tagsinput.css HTTP/1.1" 200 918
[2019-01-08 15:37:37,049] [INFO] "GET /static/css/plugins/ui.spinner.css HTTP/1.1" 200 506
[2019-01-08 15:37:37,052] [INFO] "GET /static/css/plugins/jquery.chosen.css HTTP/1.1" 200 11789
[2019-01-08 15:37:37,054] [INFO] "GET /static/js/plugins/jquery.tagsinput.min.js HTTP/1.1" 200 6400
[2019-01-08 15:37:37,056] [INFO] "GET /static/js/plugins/ui.spinner.min.js HTTP/1.1" 200 8253
[2019-01-08 15:37:37,057] [INFO] "GET /static/js/plugins/charCount.js HTTP/1.1" 200 1571
[2019-01-08 15:37:37,059] [INFO] "GET /static/js/plugins/chosen.jquery.min.js HTTP/1.1" 200 22939
[2019-01-08 15:37:37,061] [INFO] "GET /static/js/custom/tables.js HTTP/1.1" 200 4662
[2019-01-08 15:37:37,062] [INFO] "GET /static/js/custom/general.js HTTP/1.1" 200 9570
[2019-01-08 15:37:37,064] [INFO] "GET /static/js/custom.js HTTP/1.1" 200 1277
[2019-01-08 15:37:37,063] [INFO] "GET /static/images/thumbs/avatar.png HTTP/1.1" 200 1473
[2019-01-08 15:37:37,064] [INFO] "GET /static/images/thumbs/avatarbig.png HTTP/1.1" 200 16493
[2019-01-08 15:37:37,119] [INFO] "GET /static/images/line.ccc.png HTTP/1.1" 200 109
[2019-01-08 15:37:37,125] [INFO] "GET /static/images/default/searchbutton.png HTTP/1.1" 200 3462
[2019-01-08 15:37:37,127] [INFO] "GET /static/images/default/topheaderbg.png HTTP/1.1" 200 4093
[2019-01-08 15:37:37,128] [INFO] "GET /static/images/default/userinfoarrow.png HTTP/1.1" 200 207
[2019-01-08 15:37:37,128] [INFO] "GET /static/images/default/arrow-active.png HTTP/1.1" 200 21122
[2019-01-08 15:37:37,128] [INFO] "GET /static/images/default/headerbg.png HTTP/1.1" 200 1144
[2019-01-08 15:37:37,130] [INFO] "GET /static/fonts/Roboto-Condensed-webfont.woff HTTP/1.1" 200 21836
[2019-01-08 15:37:37,131] [INFO] "GET /static/fonts/Roboto-BoldCondensed-webfont.woff HTTP/1.1" 200 21440
[2019-01-08 15:37:37,138] [INFO] "GET /static/images/menucollapsed.png HTTP/1.1" 200 875
[2019-01-08 15:37:37,138] [INFO] "GET /static/images/default/menuarrow.png HTTP/1.1" 200 2884
[2019-01-08 15:37:37,138] [INFO] "GET /static/images/default/icons_sprite.png HTTP/1.1" 200 3631
[2019-01-08 15:37:37,138] [INFO] "GET /static/images/default/noise.white.png HTTP/1.1" 200 7924
[2019-01-08 15:37:37,139] [INFO] "GET /static/images/icons/flatscreen.white.png HTTP/1.1" 200 337
[2019-01-08 15:37:37,139] [INFO] "GET /static/images/icons/message.white.png HTTP/1.1" 200 556
[2019-01-08 15:37:37,142] [INFO] "GET /static/images/icons/pencil.white.png HTTP/1.1" 200 464
[2019-01-08 15:37:37,143] [INFO] "GET /static/images/icons/chart.white.png HTTP/1.1" 200 231
[2019-01-08 15:37:37,148] [INFO] "GET /static/images/sort_both.png HTTP/1.1" 200 2957
[2019-01-08 15:37:37,197] [INFO] "GET /static/images/default/bghover.png HTTP/1.1" 200 17273
[2019-01-08 15:37:37,232] [INFO] "GET /static/images/default/icons_sprite2.png HTTP/1.1" 200 2934
[2019-01-08 15:37:39,545] [INFO] "GET /static/images/line.dashed.png HTTP/1.1" 200 128
[2019-01-08 15:37:40,353] [INFO] "GET /assets/add HTTP/1.1" 200 4068
[2019-01-08 15:37:40,360] [INFO] "GET /static/js/product-form.js?_=1546961860357 HTTP/1.1" 200 3174
[2019-01-08 15:37:49,600] [ERROR] Internal Server Error: /assets/add
Traceback (most recent call last):
  File "/usr/local/lib/python2.7/site-packages/django/core/handlers/exception.py", line 41, in inner
    response = get_response(request)
  File "/usr/local/lib/python2.7/site-packages/django/core/handlers/base.py", line 187, in _get_response
    response = self.process_exception_by_middleware(e, request)
  File "/usr/local/lib/python2.7/site-packages/django/core/handlers/base.py", line 185, in _get_response
    response = wrapped_callback(request, *callback_args, **callback_kwargs)
  File "/Users/limengyu/open/k8s_manager/k8s_manager/assets.py", line 40, in add
    logger.console("-----------debug----------")
AttributeError: 'Logger' object has no attribute 'console'
[2019-01-08 15:37:49,699] [ERROR] "POST /assets/add HTTP/1.1" 500 69485
[2019-01-08 15:39:10,515] [INFO] "GET /index HTTP/1.1" 200 5781
[2019-01-08 15:39:10,661] [INFO] "GET /static/js/plugins/jquery.slimscroll.js HTTP/1.1" 200 7724
[2019-01-08 15:39:10,664] [INFO] "GET /static/js/custom/general.js HTTP/1.1" 200 9570
[2019-01-08 15:39:10,670] [INFO] "GET /static/images/thumbs/avatar.png HTTP/1.1" 200 1473
[2019-01-08 15:39:10,671] [INFO] "GET /static/css/style.default.css HTTP/1.1" 200 121140
[2019-01-08 15:39:10,673] [INFO] "GET /static/js/plugins/jquery-1.7.min.js HTTP/1.1" 200 94020
[2019-01-08 15:39:10,674] [INFO] "GET /static/js/plugins/jquery.uniform.min.js HTTP/1.1" 200 9323
[2019-01-08 15:39:10,675] [INFO] "GET /static/js/plugins/jquery-ui-1.8.16.custom.min.js HTTP/1.1" 200 210463
[2019-01-08 15:39:10,677] [INFO] "GET /static/js/plugins/jquery.cookie.js HTTP/1.1" 200 1782
[2019-01-08 15:39:10,681] [INFO] "GET /static/images/thumbs/avatarbig.png HTTP/1.1" 200 16493
[2019-01-08 15:39:10,691] [INFO] "GET /static/css/plugins/jquery.ui.css HTTP/1.1" 200 9186
[2019-01-08 15:39:10,691] [INFO] "GET /static/fonts/roboto.css HTTP/1.1" 200 6933
[2019-01-08 15:39:10,692] [INFO] "GET /static/css/plugins/uniform.tp.css HTTP/1.1" 200 10550
[2019-01-08 15:39:10,692] [INFO] "GET /static/css/plugins/jquery.ui.autocomplete.css HTTP/1.1" 200 901
[2019-01-08 15:39:10,693] [INFO] "GET /static/css/plugins/jquery.alerts.css HTTP/1.1" 200 2503
[2019-01-08 15:39:10,695] [INFO] "GET /static/css/plugins/fullcalendar.css HTTP/1.1" 200 11810
[2019-01-08 15:39:10,697] [INFO] "GET /static/css/plugins/colorbox.css HTTP/1.1" 200 2259
[2019-01-08 15:39:10,702] [INFO] "GET /static/css/plugins/jquery.tagsinput.css HTTP/1.1" 200 918
[2019-01-08 15:39:10,702] [INFO] "GET /static/css/plugins/jquery.jgrowl.css HTTP/1.1" 200 1943
[2019-01-08 15:39:10,703] [INFO] "GET /static/css/plugins/ui.spinner.css HTTP/1.1" 200 506
[2019-01-08 15:39:10,703] [INFO] "GET /static/css/plugins/jquery.chosen.css HTTP/1.1" 200 11789
[2019-01-08 15:39:10,702] [INFO] "GET /static/css/plugins/colorpicker.css HTTP/1.1" 200 3435
[2019-01-08 15:39:10,801] [INFO] "GET /static/images/default/topheaderbg.png HTTP/1.1" 200 4093
[2019-01-08 15:39:10,802] [INFO] "GET /static/images/line.ccc.png HTTP/1.1" 200 109
[2019-01-08 15:39:10,813] [INFO] "GET /static/images/default/searchbutton.png HTTP/1.1" 200 3462
[2019-01-08 15:39:10,818] [INFO] "GET /static/images/default/headerbg.png HTTP/1.1" 200 1144
[2019-01-08 15:39:10,818] [INFO] "GET /static/images/default/userinfoarrow.png HTTP/1.1" 200 207
[2019-01-08 15:39:10,821] [INFO] "GET /static/images/icons/flatscreen.white.png HTTP/1.1" 200 337
[2019-01-08 15:39:10,821] [INFO] "GET /static/images/default/arrow-active.png HTTP/1.1" 200 21122
[2019-01-08 15:39:10,824] [INFO] "GET /static/fonts/Roboto-Condensed-webfont.woff HTTP/1.1" 200 21836
[2019-01-08 15:39:10,827] [INFO] "GET /static/images/icons/message.white.png HTTP/1.1" 200 556
[2019-01-08 15:39:10,827] [INFO] "GET /static/fonts/Roboto-BoldCondensed-webfont.woff HTTP/1.1" 200 21440
[2019-01-08 15:39:10,828] [INFO] "GET /static/images/icons/pencil.white.png HTTP/1.1" 200 464
[2019-01-08 15:39:10,836] [INFO] "GET /static/images/icons/chart.white.png HTTP/1.1" 200 231
[2019-01-08 15:39:10,837] [INFO] "GET /static/images/default/menuarrow.png HTTP/1.1" 200 2884
[2019-01-08 15:39:10,838] [INFO] "GET /static/images/default/icons_sprite.png HTTP/1.1" 200 3631
[2019-01-08 15:39:10,840] [INFO] "GET /static/images/menucollapsed.png HTTP/1.1" 200 875
[2019-01-08 15:39:10,841] [INFO] "GET /static/images/default/noise.white.png HTTP/1.1" 200 7924
[2019-01-08 15:39:10,843] [INFO] "GET /static/images/icons/blogperfume/Advertisment/advertisment-32.png HTTP/1.1" 200 2590
[2019-01-08 15:39:10,843] [INFO] "GET /static/images/close.png HTTP/1.1" 200 1781
[2019-01-08 15:39:11,076] [INFO] "GET /static/images/default/bghover.png HTTP/1.1" 200 17273
[2019-01-08 15:39:12,179] [INFO] "GET /static/images/default/icons_sprite2.png HTTP/1.1" 200 2934
[2019-01-08 15:39:12,780] [INFO] "GET /assets HTTP/1.1" 200 5446
[2019-01-08 15:39:12,801] [INFO] "GET /static/css/style.default.css HTTP/1.1" 200 121140
[2019-01-08 15:39:12,804] [INFO] "GET /static/js/plugins/jquery.uniform.min.js HTTP/1.1" 200 9323
[2019-01-08 15:39:12,806] [INFO] "GET /static/js/plugins/jquery.cookie.js HTTP/1.1" 200 1782
[2019-01-08 15:39:12,807] [INFO] "GET /static/js/plugins/jquery.dataTables.min.js HTTP/1.1" 200 70883
[2019-01-08 15:39:12,807] [INFO] "GET /static/js/plugins/jquery.validate.min.js HTTP/1.1" 200 21601
[2019-01-08 15:39:12,808] [INFO] "GET /static/js/plugins/jquery-1.7.min.js HTTP/1.1" 200 94020
[2019-01-08 15:39:12,809] [INFO] "GET /static/js/plugins/jquery-ui-1.8.16.custom.min.js HTTP/1.1" 200 210463
[2019-01-08 15:39:12,811] [INFO] "GET /static/js/plugins/jquery.tagsinput.min.js HTTP/1.1" 200 6400
[2019-01-08 15:39:12,818] [INFO] "GET /static/fonts/roboto.css HTTP/1.1" 200 6933
[2019-01-08 15:39:12,826] [INFO] "GET /static/css/plugins/jquery.alerts.css HTTP/1.1" 200 2503
[2019-01-08 15:39:12,826] [INFO] "GET /static/css/plugins/jquery.ui.autocomplete.css HTTP/1.1" 200 901
[2019-01-08 15:39:12,827] [INFO] "GET /static/css/plugins/jquery.ui.css HTTP/1.1" 200 9186
[2019-01-08 15:39:12,827] [INFO] "GET /static/css/plugins/uniform.tp.css HTTP/1.1" 200 10550
[2019-01-08 15:39:12,831] [INFO] "GET /static/css/plugins/colorbox.css HTTP/1.1" 200 2259
[2019-01-08 15:39:12,832] [INFO] "GET /static/css/plugins/fullcalendar.css HTTP/1.1" 200 11810
[2019-01-08 15:39:12,834] [INFO] "GET /static/css/plugins/colorpicker.css HTTP/1.1" 200 3435
[2019-01-08 15:39:12,838] [INFO] "GET /static/css/plugins/jquery.jgrowl.css HTTP/1.1" 200 1943
[2019-01-08 15:39:12,839] [INFO] "GET /static/css/plugins/jquery.tagsinput.css HTTP/1.1" 200 918
[2019-01-08 15:39:12,840] [INFO] "GET /static/css/plugins/ui.spinner.css HTTP/1.1" 200 506
[2019-01-08 15:39:12,841] [INFO] "GET /static/css/plugins/jquery.chosen.css HTTP/1.1" 200 11789
[2019-01-08 15:39:12,847] [INFO] "GET /static/js/plugins/charCount.js HTTP/1.1" 200 1571
[2019-01-08 15:39:12,849] [INFO] "GET /static/js/plugins/ui.spinner.min.js HTTP/1.1" 200 8253
[2019-01-08 15:39:12,852] [INFO] "GET /static/js/plugins/chosen.jquery.min.js HTTP/1.1" 200 22939
[2019-01-08 15:39:12,854] [INFO] "GET /static/js/custom/general.js HTTP/1.1" 200 9570
[2019-01-08 15:39:12,856] [INFO] "GET /static/js/custom/tables.js HTTP/1.1" 200 4662
[2019-01-08 15:39:12,857] [INFO] "GET /static/js/custom.js HTTP/1.1" 200 1277
[2019-01-08 15:39:12,857] [INFO] "GET /static/images/thumbs/avatar.png HTTP/1.1" 200 1473
[2019-01-08 15:39:12,859] [INFO] "GET /static/images/thumbs/avatarbig.png HTTP/1.1" 200 16493
[2019-01-08 15:39:12,913] [INFO] "GET /static/images/line.ccc.png HTTP/1.1" 200 109
[2019-01-08 15:39:12,914] [INFO] "GET /static/images/default/topheaderbg.png HTTP/1.1" 200 4093
[2019-01-08 15:39:12,915] [INFO] "GET /static/images/default/searchbutton.png HTTP/1.1" 200 3462
[2019-01-08 15:39:12,918] [INFO] "GET /static/images/default/headerbg.png HTTP/1.1" 200 1144
[2019-01-08 15:39:12,918] [INFO] "GET /static/images/default/userinfoarrow.png HTTP/1.1" 200 207
[2019-01-08 15:39:12,919] [INFO] "GET /static/images/default/arrow-active.png HTTP/1.1" 200 21122
[2019-01-08 15:39:12,919] [INFO] "GET /static/fonts/Roboto-Condensed-webfont.woff HTTP/1.1" 200 21836
[2019-01-08 15:39:12,920] [INFO] "GET /static/fonts/Roboto-BoldCondensed-webfont.woff HTTP/1.1" 200 21440
[2019-01-08 15:39:12,920] [INFO] "GET /static/images/icons/flatscreen.white.png HTTP/1.1" 200 337
[2019-01-08 15:39:12,921] [INFO] "GET /static/images/icons/message.white.png HTTP/1.1" 200 556
[2019-01-08 15:39:12,927] [INFO] "GET /static/images/icons/chart.white.png HTTP/1.1" 200 231
[2019-01-08 15:39:12,927] [INFO] "GET /static/images/icons/pencil.white.png HTTP/1.1" 200 464
[2019-01-08 15:39:12,929] [INFO] "GET /static/images/default/icons_sprite.png HTTP/1.1" 200 3631
[2019-01-08 15:39:12,930] [INFO] "GET /static/images/default/menuarrow.png HTTP/1.1" 200 2884
[2019-01-08 15:39:12,930] [INFO] "GET /static/images/menucollapsed.png HTTP/1.1" 200 875
[2019-01-08 15:39:12,930] [INFO] "GET /static/images/default/noise.white.png HTTP/1.1" 200 7924
[2019-01-08 15:39:12,946] [INFO] "GET /static/images/sort_both.png HTTP/1.1" 200 2957
[2019-01-08 15:39:12,998] [INFO] "GET /static/images/default/bghover.png HTTP/1.1" 200 17273
[2019-01-08 15:39:13,217] [INFO] "GET /static/images/default/icons_sprite2.png HTTP/1.1" 200 2934
[2019-01-08 15:39:13,777] [INFO] "GET /static/images/line.dashed.png HTTP/1.1" 200 128
[2019-01-08 15:39:14,510] [INFO] "GET /assets/add HTTP/1.1" 200 4068
[2019-01-08 15:39:14,518] [INFO] "GET /static/js/product-form.js?_=1546961954514 HTTP/1.1" 200 3174
[2019-01-08 15:39:23,369] [INFO] -----------debug----------
[2019-01-08 15:39:23,370] [INFO] False
[2019-01-08 15:39:23,373] [INFO] "POST /assets/add HTTP/1.1" 200 4068
[2019-01-08 15:39:23,383] [INFO] "GET /static/js/product-form.js HTTP/1.1" 200 3174
[2019-01-08 15:42:13,726] [INFO] "GET /assets HTTP/1.1" 200 5446
[2019-01-08 15:42:13,868] [INFO] "GET /static/css/style.default.css HTTP/1.1" 200 121140
[2019-01-08 15:42:13,871] [INFO] "GET /static/js/plugins/jquery.validate.min.js HTTP/1.1" 200 21601
[2019-01-08 15:42:13,878] [INFO] "GET /static/js/plugins/jquery.dataTables.min.js HTTP/1.1" 200 70883
[2019-01-08 15:42:13,879] [INFO] "GET /static/js/plugins/jquery.cookie.js HTTP/1.1" 200 1782
[2019-01-08 15:42:13,880] [INFO] "GET /static/js/plugins/jquery.uniform.min.js HTTP/1.1" 200 9323
[2019-01-08 15:42:13,881] [INFO] "GET /static/fonts/roboto.css HTTP/1.1" 200 6933
[2019-01-08 15:42:13,883] [INFO] "GET /static/css/plugins/jquery.alerts.css HTTP/1.1" 200 2503
[2019-01-08 15:42:13,886] [INFO] "GET /static/css/plugins/jquery.ui.css HTTP/1.1" 200 9186
[2019-01-08 15:42:13,887] [INFO] "GET /static/css/plugins/uniform.tp.css HTTP/1.1" 200 10550
[2019-01-08 15:42:13,888] [INFO] "GET /static/css/plugins/jquery.ui.autocomplete.css HTTP/1.1" 200 901
[2019-01-08 15:42:13,890] [INFO] "GET /static/css/plugins/fullcalendar.css HTTP/1.1" 200 11810
[2019-01-08 15:42:13,891] [INFO] "GET /static/js/plugins/jquery-ui-1.8.16.custom.min.js HTTP/1.1" 200 210463
[2019-01-08 15:42:13,893] [INFO] "GET /static/css/plugins/colorbox.css HTTP/1.1" 200 2259
[2019-01-08 15:42:13,897] [INFO] "GET /static/css/plugins/colorpicker.css HTTP/1.1" 200 3435
[2019-01-08 15:42:13,897] [INFO] "GET /static/js/plugins/jquery-1.7.min.js HTTP/1.1" 200 94020
[2019-01-08 15:42:13,898] [INFO] "GET /static/css/plugins/ui.spinner.css HTTP/1.1" 200 506
[2019-01-08 15:42:13,898] [INFO] "GET /static/css/plugins/jquery.jgrowl.css HTTP/1.1" 200 1943
[2019-01-08 15:42:13,899] [INFO] "GET /static/css/plugins/jquery.tagsinput.css HTTP/1.1" 200 918
[2019-01-08 15:42:13,900] [INFO] "GET /static/css/plugins/jquery.chosen.css HTTP/1.1" 200 11789
[2019-01-08 15:42:13,901] [INFO] "GET /static/js/plugins/jquery.tagsinput.min.js HTTP/1.1" 200 6400
[2019-01-08 15:42:13,903] [INFO] "GET /static/js/plugins/ui.spinner.min.js HTTP/1.1" 200 8253
[2019-01-08 15:42:13,904] [INFO] "GET /static/js/plugins/charCount.js HTTP/1.1" 200 1571
[2019-01-08 15:42:13,906] [INFO] "GET /static/js/custom/general.js HTTP/1.1" 200 9570
[2019-01-08 15:42:13,907] [INFO] "GET /static/js/custom/tables.js HTTP/1.1" 200 4662
[2019-01-08 15:42:13,908] [INFO] "GET /static/js/custom.js HTTP/1.1" 200 1277
[2019-01-08 15:42:13,908] [INFO] "GET /static/js/plugins/chosen.jquery.min.js HTTP/1.1" 200 22939
[2019-01-08 15:42:13,909] [INFO] "GET /static/images/thumbs/avatar.png HTTP/1.1" 200 1473
[2019-01-08 15:42:13,909] [INFO] "GET /static/images/thumbs/avatarbig.png HTTP/1.1" 200 16493
[2019-01-08 15:42:14,024] [INFO] "GET /static/images/line.ccc.png HTTP/1.1" 200 109
[2019-01-08 15:42:14,024] [INFO] "GET /static/images/default/topheaderbg.png HTTP/1.1" 200 4093
[2019-01-08 15:42:14,034] [INFO] "GET /static/images/default/searchbutton.png HTTP/1.1" 200 3462
[2019-01-08 15:42:14,034] [INFO] "GET /static/images/default/headerbg.png HTTP/1.1" 200 1144
[2019-01-08 15:42:14,035] [INFO] "GET /static/images/default/arrow-active.png HTTP/1.1" 200 21122
[2019-01-08 15:42:14,035] [INFO] "GET /static/images/default/userinfoarrow.png HTTP/1.1" 200 207
[2019-01-08 15:42:14,037] [INFO] "GET /static/fonts/Roboto-Condensed-webfont.woff HTTP/1.1" 200 21836
[2019-01-08 15:42:14,037] [INFO] "GET /static/images/icons/flatscreen.white.png HTTP/1.1" 200 337
[2019-01-08 15:42:14,039] [INFO] "GET /static/fonts/Roboto-BoldCondensed-webfont.woff HTTP/1.1" 200 21440
[2019-01-08 15:42:14,041] [INFO] "GET /static/images/icons/message.white.png HTTP/1.1" 200 556
[2019-01-08 15:42:14,042] [INFO] "GET /static/images/icons/pencil.white.png HTTP/1.1" 200 464
[2019-01-08 15:42:14,043] [INFO] "GET /static/images/icons/chart.white.png HTTP/1.1" 200 231
[2019-01-08 15:42:14,046] [INFO] "GET /static/images/default/icons_sprite.png HTTP/1.1" 200 3631
[2019-01-08 15:42:14,046] [INFO] "GET /static/images/default/menuarrow.png HTTP/1.1" 200 2884
[2019-01-08 15:42:14,047] [INFO] "GET /static/images/menucollapsed.png HTTP/1.1" 200 875
[2019-01-08 15:42:14,047] [INFO] "GET /static/images/default/noise.white.png HTTP/1.1" 200 7924
[2019-01-08 15:42:14,080] [INFO] "GET /static/images/sort_both.png HTTP/1.1" 200 2957
[2019-01-08 15:42:14,282] [INFO] "GET /static/images/default/bghover.png HTTP/1.1" 200 17273
[2019-01-08 15:42:14,934] [INFO] "GET /static/images/default/icons_sprite2.png HTTP/1.1" 200 2934
[2019-01-08 15:42:15,353] [INFO] "GET /assets HTTP/1.1" 200 5446
[2019-01-08 15:42:15,376] [INFO] "GET /static/js/plugins/jquery.cookie.js HTTP/1.1" 200 1782
[2019-01-08 15:42:15,381] [INFO] "GET /static/css/style.default.css HTTP/1.1" 200 121140
[2019-01-08 15:42:15,382] [INFO] "GET /static/js/plugins/jquery.dataTables.min.js HTTP/1.1" 200 70883
[2019-01-08 15:42:15,382] [INFO] "GET /static/js/plugins/jquery-1.7.min.js HTTP/1.1" 200 94020
[2019-01-08 15:42:15,384] [INFO] "GET /static/js/plugins/jquery.uniform.min.js HTTP/1.1" 200 9323
[2019-01-08 15:42:15,386] [INFO] "GET /static/js/plugins/jquery.validate.min.js HTTP/1.1" 200 21601
[2019-01-08 15:42:15,387] [INFO] "GET /static/js/plugins/jquery-ui-1.8.16.custom.min.js HTTP/1.1" 200 210463
[2019-01-08 15:42:15,388] [INFO] "GET /static/js/plugins/jquery.tagsinput.min.js HTTP/1.1" 200 6400
[2019-01-08 15:42:15,392] [INFO] "GET /static/js/plugins/charCount.js HTTP/1.1" 200 1571
[2019-01-08 15:42:15,392] [INFO] "GET /static/js/plugins/ui.spinner.min.js HTTP/1.1" 200 8253
[2019-01-08 15:42:15,394] [INFO] "GET /static/fonts/roboto.css HTTP/1.1" 200 6933
[2019-01-08 15:42:15,402] [INFO] "GET /static/css/plugins/jquery.alerts.css HTTP/1.1" 200 2503
[2019-01-08 15:42:15,404] [INFO] "GET /static/css/plugins/jquery.ui.css HTTP/1.1" 200 9186
[2019-01-08 15:42:15,405] [INFO] "GET /static/css/plugins/uniform.tp.css HTTP/1.1" 200 10550
[2019-01-08 15:42:15,406] [INFO] "GET /static/css/plugins/jquery.ui.autocomplete.css HTTP/1.1" 200 901
[2019-01-08 15:42:15,408] [INFO] "GET /static/css/plugins/colorbox.css HTTP/1.1" 200 2259
[2019-01-08 15:42:15,410] [INFO] "GET /static/css/plugins/fullcalendar.css HTTP/1.1" 200 11810
[2019-01-08 15:42:15,412] [INFO] "GET /static/css/plugins/colorpicker.css HTTP/1.1" 200 3435
[2019-01-08 15:42:15,414] [INFO] "GET /static/css/plugins/jquery.jgrowl.css HTTP/1.1" 200 1943
[2019-01-08 15:42:15,415] [INFO] "GET /static/css/plugins/jquery.tagsinput.css HTTP/1.1" 200 918
[2019-01-08 15:42:15,420] [INFO] "GET /static/js/plugins/chosen.jquery.min.js HTTP/1.1" 200 22939
[2019-01-08 15:42:15,421] [INFO] "GET /static/css/plugins/jquery.chosen.css HTTP/1.1" 200 11789
[2019-01-08 15:42:15,421] [INFO] "GET /static/css/plugins/ui.spinner.css HTTP/1.1" 200 506
[2019-01-08 15:42:15,422] [INFO] "GET /static/js/custom/general.js HTTP/1.1" 200 9570
[2019-01-08 15:42:15,424] [INFO] "GET /static/js/custom/tables.js HTTP/1.1" 200 4662
[2019-01-08 15:42:15,424] [INFO] "GET /static/js/custom.js HTTP/1.1" 200 1277
[2019-01-08 15:42:15,424] [INFO] "GET /static/images/thumbs/avatar.png HTTP/1.1" 200 1473
[2019-01-08 15:42:15,426] [INFO] "GET /static/images/thumbs/avatarbig.png HTTP/1.1" 200 16493
[2019-01-08 15:42:15,489] [INFO] "GET /static/images/line.ccc.png HTTP/1.1" 200 109
[2019-01-08 15:42:15,493] [INFO] "GET /static/images/default/userinfoarrow.png HTTP/1.1" 200 207
[2019-01-08 15:42:15,493] [INFO] "GET /static/images/default/topheaderbg.png HTTP/1.1" 200 4093
[2019-01-08 15:42:15,493] [INFO] "GET /static/images/default/searchbutton.png HTTP/1.1" 200 3462
[2019-01-08 15:42:15,494] [INFO] "GET /static/images/default/headerbg.png HTTP/1.1" 200 1144
[2019-01-08 15:42:15,495] [INFO] "GET /static/images/default/arrow-active.png HTTP/1.1" 200 21122
[2019-01-08 15:42:15,498] [INFO] "GET /static/fonts/Roboto-BoldCondensed-webfont.woff HTTP/1.1" 200 21440
[2019-01-08 15:42:15,498] [INFO] "GET /static/fonts/Roboto-Condensed-webfont.woff HTTP/1.1" 200 21836
[2019-01-08 15:42:15,504] [INFO] "GET /static/images/default/noise.white.png HTTP/1.1" 200 7924
[2019-01-08 15:42:15,505] [INFO] "GET /static/images/icons/message.white.png HTTP/1.1" 200 556
[2019-01-08 15:42:15,506] [INFO] "GET /static/images/menucollapsed.png HTTP/1.1" 200 875
[2019-01-08 15:42:15,506] [INFO] "GET /static/images/default/icons_sprite.png HTTP/1.1" 200 3631
[2019-01-08 15:42:15,507] [INFO] "GET /static/images/icons/chart.white.png HTTP/1.1" 200 231
[2019-01-08 15:42:15,508] [INFO] "GET /static/images/icons/pencil.white.png HTTP/1.1" 200 464
[2019-01-08 15:42:15,508] [INFO] "GET /static/images/icons/flatscreen.white.png HTTP/1.1" 200 337
[2019-01-08 15:42:15,509] [INFO] "GET /static/images/default/menuarrow.png HTTP/1.1" 200 2884
[2019-01-08 15:42:15,512] [INFO] "GET /static/images/sort_both.png HTTP/1.1" 200 2957
[2019-01-08 15:42:15,567] [INFO] "GET /static/images/default/bghover.png HTTP/1.1" 200 17273
[2019-01-08 15:42:15,648] [INFO] "GET /static/images/default/icons_sprite2.png HTTP/1.1" 200 2934
[2019-01-08 15:42:16,336] [INFO] "GET /static/images/line.dashed.png HTTP/1.1" 200 128
[2019-01-08 15:42:17,089] [INFO] "GET /assets/add HTTP/1.1" 200 4068
[2019-01-08 15:42:17,095] [INFO] "GET /static/js/product-form.js?_=1546962137093 HTTP/1.1" 200 3174
[2019-01-08 15:42:24,585] [INFO] -----------debug----------
[2019-01-08 15:42:24,586] [INFO] True
[2019-01-08 15:42:24,587] [INFO] "POST /assets/add HTTP/1.1" 302 0
[2019-01-08 15:42:24,595] [INFO] "GET /assets HTTP/1.1" 200 5446
[2019-01-08 15:42:24,618] [INFO] "GET /static/js/plugins/jquery.cookie.js HTTP/1.1" 200 1782
[2019-01-08 15:42:24,621] [INFO] "GET /static/js/plugins/jquery.dataTables.min.js HTTP/1.1" 200 70883
[2019-01-08 15:42:24,623] [INFO] "GET /static/js/plugins/jquery-1.7.min.js HTTP/1.1" 200 94020
[2019-01-08 15:42:24,624] [INFO] "GET /static/js/plugins/jquery.uniform.min.js HTTP/1.1" 200 9323
[2019-01-08 15:42:24,624] [INFO] "GET /static/css/style.default.css HTTP/1.1" 200 121140
[2019-01-08 15:42:24,627] [INFO] "GET /static/js/plugins/jquery.validate.min.js HTTP/1.1" 200 21601
[2019-01-08 15:42:24,628] [INFO] "GET /static/js/plugins/jquery.tagsinput.min.js HTTP/1.1" 200 6400
[2019-01-08 15:42:24,629] [INFO] "GET /static/js/plugins/jquery-ui-1.8.16.custom.min.js HTTP/1.1" 200 210463
[2019-01-08 15:42:24,631] [INFO] "GET /static/js/plugins/ui.spinner.min.js HTTP/1.1" 200 8253
[2019-01-08 15:42:24,632] [INFO] "GET /static/js/plugins/charCount.js HTTP/1.1" 200 1571
[2019-01-08 15:42:24,636] [INFO] "GET /static/js/plugins/chosen.jquery.min.js HTTP/1.1" 200 22939
[2019-01-08 15:42:24,643] [INFO] "GET /static/js/custom/general.js HTTP/1.1" 200 9570
[2019-01-08 15:42:24,644] [INFO] "GET /static/fonts/roboto.css HTTP/1.1" 200 6933
[2019-01-08 15:42:24,646] [INFO] "GET /static/css/plugins/jquery.alerts.css HTTP/1.1" 200 2503
[2019-01-08 15:42:24,647] [INFO] "GET /static/css/plugins/uniform.tp.css HTTP/1.1" 200 10550
[2019-01-08 15:42:24,649] [INFO] "GET /static/css/plugins/jquery.ui.autocomplete.css HTTP/1.1" 200 901
[2019-01-08 15:42:24,649] [INFO] "GET /static/css/plugins/jquery.ui.css HTTP/1.1" 200 9186
[2019-01-08 15:42:24,655] [INFO] "GET /static/css/plugins/colorpicker.css HTTP/1.1" 200 3435
[2019-01-08 15:42:24,656] [INFO] "GET /static/css/plugins/fullcalendar.css HTTP/1.1" 200 11810
[2019-01-08 15:42:24,657] [INFO] "GET /static/css/plugins/jquery.jgrowl.css HTTP/1.1" 200 1943
[2019-01-08 15:42:24,657] [INFO] "GET /static/css/plugins/colorbox.css HTTP/1.1" 200 2259
[2019-01-08 15:42:24,660] [INFO] "GET /static/css/plugins/jquery.tagsinput.css HTTP/1.1" 200 918
[2019-01-08 15:42:24,661] [INFO] "GET /static/css/plugins/ui.spinner.css HTTP/1.1" 200 506
[2019-01-08 15:42:24,664] [INFO] "GET /static/js/custom/tables.js HTTP/1.1" 200 4662
[2019-01-08 15:42:24,665] [INFO] "GET /static/js/custom.js HTTP/1.1" 200 1277
[2019-01-08 15:42:24,665] [INFO] "GET /static/css/plugins/jquery.chosen.css HTTP/1.1" 200 11789
[2019-01-08 15:42:24,666] [INFO] "GET /static/images/thumbs/avatar.png HTTP/1.1" 200 1473
[2019-01-08 15:42:24,667] [INFO] "GET /static/images/thumbs/avatarbig.png HTTP/1.1" 200 16493
[2019-01-08 15:42:24,733] [INFO] "GET /static/images/line.ccc.png HTTP/1.1" 200 109
[2019-01-08 15:42:24,735] [INFO] "GET /static/images/default/topheaderbg.png HTTP/1.1" 200 4093
[2019-01-08 15:42:24,737] [INFO] "GET /static/images/default/searchbutton.png HTTP/1.1" 200 3462
[2019-01-08 15:42:24,737] [INFO] "GET /static/images/default/userinfoarrow.png HTTP/1.1" 200 207
[2019-01-08 15:42:24,738] [INFO] "GET /static/images/default/headerbg.png HTTP/1.1" 200 1144
[2019-01-08 15:42:24,742] [INFO] "GET /static/images/default/arrow-active.png HTTP/1.1" 200 21122
[2019-01-08 15:42:24,743] [INFO] "GET /static/fonts/Roboto-Condensed-webfont.woff HTTP/1.1" 200 21836
[2019-01-08 15:42:24,746] [INFO] "GET /static/images/icons/flatscreen.white.png HTTP/1.1" 200 337
[2019-01-08 15:42:24,746] [INFO] "GET /static/fonts/Roboto-BoldCondensed-webfont.woff HTTP/1.1" 200 21440
[2019-01-08 15:42:24,746] [INFO] "GET /static/images/icons/message.white.png HTTP/1.1" 200 556
[2019-01-08 15:42:24,748] [INFO] "GET /static/images/default/noise.white.png HTTP/1.1" 200 7924
[2019-01-08 15:42:24,750] [INFO] "GET /static/images/menucollapsed.png HTTP/1.1" 200 875
[2019-01-08 15:42:24,750] [INFO] "GET /static/images/default/icons_sprite.png HTTP/1.1" 200 3631
[2019-01-08 15:42:24,753] [INFO] "GET /static/images/icons/chart.white.png HTTP/1.1" 200 231
[2019-01-08 15:42:24,754] [INFO] "GET /static/images/icons/pencil.white.png HTTP/1.1" 200 464
[2019-01-08 15:42:24,755] [INFO] "GET /static/images/default/menuarrow.png HTTP/1.1" 200 2884
[2019-01-08 15:42:24,760] [INFO] "GET /static/images/sort_both.png HTTP/1.1" 200 2957
[2019-01-08 15:42:27,068] [INFO] "GET /static/images/default/icons_sprite2.png HTTP/1.1" 200 2934
[2019-01-08 15:42:28,120] [INFO] "GET /static/images/line.dashed.png HTTP/1.1" 200 128
[2019-01-08 15:42:28,941] [INFO] "GET /assets/add HTTP/1.1" 200 4068
[2019-01-08 15:42:28,949] [INFO] "GET /static/js/product-form.js?_=1546962148946 HTTP/1.1" 200 3174
[2019-01-08 15:42:30,168] [INFO] "GET /static/images/default/bghover.png HTTP/1.1" 200 17273
[2019-01-08 15:42:30,452] [INFO] "GET /assets HTTP/1.1" 200 5446
[2019-01-08 15:42:30,474] [INFO] "GET /static/js/plugins/jquery.cookie.js HTTP/1.1" 200 1782
[2019-01-08 15:42:30,476] [INFO] "GET /static/js/plugins/jquery.uniform.min.js HTTP/1.1" 200 9323
[2019-01-08 15:42:30,478] [INFO] "GET /static/css/style.default.css HTTP/1.1" 200 121140
[2019-01-08 15:42:30,479] [INFO] "GET /static/js/plugins/jquery-1.7.min.js HTTP/1.1" 200 94020
[2019-01-08 15:42:30,480] [INFO] "GET /static/js/plugins/jquery.dataTables.min.js HTTP/1.1" 200 70883
[2019-01-08 15:42:30,483] [INFO] "GET /static/js/plugins/jquery-ui-1.8.16.custom.min.js HTTP/1.1" 200 210463
[2019-01-08 15:42:30,483] [INFO] "GET /static/js/plugins/jquery.validate.min.js HTTP/1.1" 200 21601
[2019-01-08 15:42:30,486] [INFO] "GET /static/js/plugins/jquery.tagsinput.min.js HTTP/1.1" 200 6400
[2019-01-08 15:42:30,487] [INFO] "GET /static/js/plugins/ui.spinner.min.js HTTP/1.1" 200 8253
[2019-01-08 15:42:30,489] [INFO] "GET /static/js/plugins/charCount.js HTTP/1.1" 200 1571
[2019-01-08 15:42:30,491] [INFO] "GET /static/js/plugins/chosen.jquery.min.js HTTP/1.1" 200 22939
[2019-01-08 15:42:30,501] [INFO] "GET /static/fonts/roboto.css HTTP/1.1" 200 6933
[2019-01-08 15:42:30,503] [INFO] "GET /static/css/plugins/jquery.ui.css HTTP/1.1" 200 9186
[2019-01-08 15:42:30,505] [INFO] "GET /static/css/plugins/jquery.ui.autocomplete.css HTTP/1.1" 200 901
[2019-01-08 15:42:30,505] [INFO] "GET /static/css/plugins/jquery.alerts.css HTTP/1.1" 200 2503
[2019-01-08 15:42:30,506] [INFO] "GET /static/css/plugins/uniform.tp.css HTTP/1.1" 200 10550
[2019-01-08 15:42:30,506] [INFO] "GET /static/css/plugins/fullcalendar.css HTTP/1.1" 200 11810
[2019-01-08 15:42:30,509] [INFO] "GET /static/css/plugins/colorbox.css HTTP/1.1" 200 2259
[2019-01-08 15:42:30,511] [INFO] "GET /static/css/plugins/colorpicker.css HTTP/1.1" 200 3435
[2019-01-08 15:42:30,513] [INFO] "GET /static/css/plugins/jquery.tagsinput.css HTTP/1.1" 200 918
[2019-01-08 15:42:30,514] [INFO] "GET /static/css/plugins/jquery.jgrowl.css HTTP/1.1" 200 1943
[2019-01-08 15:42:30,517] [INFO] "GET /static/css/plugins/ui.spinner.css HTTP/1.1" 200 506
[2019-01-08 15:42:30,519] [INFO] "GET /static/css/plugins/jquery.chosen.css HTTP/1.1" 200 11789
[2019-01-08 15:42:30,520] [INFO] "GET /static/js/custom/general.js HTTP/1.1" 200 9570
[2019-01-08 15:42:30,520] [INFO] "GET /static/js/custom/tables.js HTTP/1.1" 200 4662
[2019-01-08 15:42:30,524] [INFO] "GET /static/js/custom.js HTTP/1.1" 200 1277
[2019-01-08 15:42:30,524] [INFO] "GET /static/images/thumbs/avatar.png HTTP/1.1" 200 1473
[2019-01-08 15:42:30,524] [INFO] "GET /static/images/thumbs/avatarbig.png HTTP/1.1" 200 16493
[2019-01-08 15:42:30,576] [INFO] "GET /static/images/line.ccc.png HTTP/1.1" 200 109
[2019-01-08 15:42:30,582] [INFO] "GET /static/images/default/topheaderbg.png HTTP/1.1" 200 4093
[2019-01-08 15:42:30,588] [INFO] "GET /static/images/default/searchbutton.png HTTP/1.1" 200 3462
[2019-01-08 15:42:30,588] [INFO] "GET /static/images/default/userinfoarrow.png HTTP/1.1" 200 207
[2019-01-08 15:42:30,589] [INFO] "GET /static/images/default/headerbg.png HTTP/1.1" 200 1144
[2019-01-08 15:42:30,589] [INFO] "GET /static/images/default/arrow-active.png HTTP/1.1" 200 21122
[2019-01-08 15:42:30,592] [INFO] "GET /static/fonts/Roboto-BoldCondensed-webfont.woff HTTP/1.1" 200 21440
[2019-01-08 15:42:30,592] [INFO] "GET /static/fonts/Roboto-Condensed-webfont.woff HTTP/1.1" 200 21836
[2019-01-08 15:42:30,594] [INFO] "GET /static/images/icons/flatscreen.white.png HTTP/1.1" 200 337
[2019-01-08 15:42:30,599] [INFO] "GET /static/images/default/noise.white.png HTTP/1.1" 200 7924
[2019-01-08 15:42:30,601] [INFO] "GET /static/images/default/icons_sprite.png HTTP/1.1" 200 3631
[2019-01-08 15:42:30,601] [INFO] "GET /static/images/menucollapsed.png HTTP/1.1" 200 875
[2019-01-08 15:42:30,601] [INFO] "GET /static/images/icons/message.white.png HTTP/1.1" 200 556
[2019-01-08 15:42:30,604] [INFO] "GET /static/images/icons/pencil.white.png HTTP/1.1" 200 464
[2019-01-08 15:42:30,604] [INFO] "GET /static/images/icons/chart.white.png HTTP/1.1" 200 231
[2019-01-08 15:42:30,604] [INFO] "GET /static/images/default/menuarrow.png HTTP/1.1" 200 2884
[2019-01-08 15:42:30,610] [INFO] "GET /static/images/sort_both.png HTTP/1.1" 200 2957
[2019-01-08 15:42:30,656] [INFO] "GET /static/images/default/bghover.png HTTP/1.1" 200 17273
[2019-01-08 15:42:30,715] [INFO] "GET /static/images/default/icons_sprite2.png HTTP/1.1" 200 2934
[2019-01-08 16:06:56,699] [INFO] "GET /assets HTTP/1.1" 200 5446
[2019-01-08 16:06:56,786] [INFO] "GET /static/css/style.default.css HTTP/1.1" 200 121140
[2019-01-08 16:06:56,790] [INFO] "GET /static/js/plugins/jquery.validate.min.js HTTP/1.1" 200 21601
[2019-01-08 16:06:56,799] [INFO] "GET /static/fonts/roboto.css HTTP/1.1" 200 6933
[2019-01-08 16:06:56,803] [INFO] "GET /static/css/plugins/jquery.alerts.css HTTP/1.1" 200 2503
[2019-01-08 16:06:56,806] [INFO] "GET /static/css/plugins/uniform.tp.css HTTP/1.1" 200 10550
[2019-01-08 16:06:56,811] [INFO] "GET /static/css/plugins/jquery.ui.css HTTP/1.1" 200 9186
[2019-01-08 16:06:56,814] [INFO] "GET /static/css/plugins/jquery.ui.autocomplete.css HTTP/1.1" 200 901
[2019-01-08 16:06:56,819] [INFO] "GET /static/css/plugins/fullcalendar.css HTTP/1.1" 200 11810
[2019-01-08 16:06:56,822] [INFO] "GET /static/css/plugins/colorbox.css HTTP/1.1" 200 2259
[2019-01-08 16:06:56,826] [INFO] "GET /static/css/plugins/colorpicker.css HTTP/1.1" 200 3435
[2019-01-08 16:06:56,829] [INFO] "GET /static/css/plugins/jquery.jgrowl.css HTTP/1.1" 200 1943
[2019-01-08 16:06:56,833] [INFO] "GET /static/css/plugins/jquery.tagsinput.css HTTP/1.1" 200 918
[2019-01-08 16:06:56,836] [INFO] "GET /static/css/plugins/ui.spinner.css HTTP/1.1" 200 506
[2019-01-08 16:06:56,840] [INFO] "GET /static/css/plugins/jquery.chosen.css HTTP/1.1" 200 11789
[2019-01-08 16:06:56,843] [INFO] "GET /static/js/plugins/jquery.tagsinput.min.js HTTP/1.1" 200 6400
[2019-01-08 16:06:56,847] [INFO] "GET /static/js/plugins/ui.spinner.min.js HTTP/1.1" 200 8253
[2019-01-08 16:06:56,850] [INFO] "GET /static/js/plugins/charCount.js HTTP/1.1" 200 1571
[2019-01-08 16:06:56,853] [INFO] "GET /static/js/plugins/chosen.jquery.min.js HTTP/1.1" 200 22939
[2019-01-08 16:06:56,857] [INFO] "GET /static/js/custom/general.js HTTP/1.1" 200 9570
[2019-01-08 16:06:56,860] [INFO] "GET /static/js/custom/tables.js HTTP/1.1" 200 4662
[2019-01-08 16:06:56,863] [INFO] "GET /static/js/custom.js HTTP/1.1" 200 1269
[2019-01-08 16:06:56,866] [INFO] "GET /static/images/thumbs/avatar.png HTTP/1.1" 200 1473
[2019-01-08 16:06:56,870] [INFO] "GET /static/images/thumbs/avatarbig.png HTTP/1.1" 200 16493
[2019-01-08 16:06:56,873] [INFO] "GET /static/js/plugins/jquery.cookie.js HTTP/1.1" 200 1782
[2019-01-08 16:06:56,878] [INFO] "GET /static/js/plugins/jquery.uniform.min.js HTTP/1.1" 200 9323
[2019-01-08 16:06:56,878] [INFO] "GET /static/js/plugins/jquery.dataTables.min.js HTTP/1.1" 200 70883
[2019-01-08 16:06:56,878] [INFO] "GET /static/js/plugins/jquery-1.7.min.js HTTP/1.1" 200 94020
[2019-01-08 16:06:56,879] [INFO] "GET /static/js/plugins/jquery-ui-1.8.16.custom.min.js HTTP/1.1" 200 210463
[2019-01-08 16:06:56,995] [INFO] "GET /static/images/line.ccc.png HTTP/1.1" 200 109
[2019-01-08 16:06:56,995] [INFO] "GET /static/images/default/topheaderbg.png HTTP/1.1" 200 4093
[2019-01-08 16:06:57,003] [INFO] "GET /static/images/default/searchbutton.png HTTP/1.1" 200 3462
[2019-01-08 16:06:57,004] [INFO] "GET /static/images/default/userinfoarrow.png HTTP/1.1" 200 207
[2019-01-08 16:06:57,005] [INFO] "GET /static/images/default/arrow-active.png HTTP/1.1" 200 21122
[2019-01-08 16:06:57,006] [INFO] "GET /static/images/default/headerbg.png HTTP/1.1" 200 1144
[2019-01-08 16:06:57,006] [INFO] "GET /static/images/icons/flatscreen.white.png HTTP/1.1" 200 337
[2019-01-08 16:06:57,009] [INFO] "GET /static/fonts/Roboto-Condensed-webfont.woff HTTP/1.1" 200 21836
[2019-01-08 16:06:57,010] [INFO] "GET /static/images/icons/message.white.png HTTP/1.1" 200 556
[2019-01-08 16:06:57,011] [INFO] "GET /static/fonts/Roboto-BoldCondensed-webfont.woff HTTP/1.1" 200 21440
[2019-01-08 16:06:57,013] [INFO] "GET /static/images/icons/pencil.white.png HTTP/1.1" 200 464
[2019-01-08 16:06:57,016] [INFO] "GET /static/images/icons/chart.white.png HTTP/1.1" 200 231
[2019-01-08 16:06:57,019] [INFO] "GET /static/images/default/menuarrow.png HTTP/1.1" 200 2884
[2019-01-08 16:06:57,019] [INFO] "GET /static/images/default/icons_sprite.png HTTP/1.1" 200 3631
[2019-01-08 16:06:57,019] [INFO] "GET /static/images/menucollapsed.png HTTP/1.1" 200 875
[2019-01-08 16:06:57,021] [INFO] "GET /static/images/default/noise.white.png HTTP/1.1" 200 7924
[2019-01-08 16:06:57,056] [INFO] "GET /static/images/sort_both.png HTTP/1.1" 200 2957
[2019-01-08 16:06:57,183] [INFO] "GET /static/images/default/bghover.png HTTP/1.1" 200 17273
[2019-01-08 16:06:59,252] [INFO] "GET /static/images/default/icons_sprite2.png HTTP/1.1" 200 2934
[2019-01-08 16:06:59,637] [INFO] "GET /static/images/line.dashed.png HTTP/1.1" 200 128
[2019-01-08 16:07:00,253] [INFO] "GET /assets/add HTTP/1.1" 200 4068
[2019-01-08 16:07:00,262] [INFO] "GET /static/js/product-form.js?_=1546963620258 HTTP/1.1" 200 3174
[2019-01-08 16:07:07,674] [INFO] -----------debug----------
[2019-01-08 16:07:07,675] [INFO] True
[2019-01-08 16:07:07,676] [ERROR] Internal Server Error: /assets/add
Traceback (most recent call last):
  File "/usr/local/lib/python2.7/site-packages/django/core/handlers/exception.py", line 41, in inner
    response = get_response(request)
  File "/usr/local/lib/python2.7/site-packages/django/core/handlers/base.py", line 187, in _get_response
    response = self.process_exception_by_middleware(e, request)
  File "/usr/local/lib/python2.7/site-packages/django/core/handlers/base.py", line 185, in _get_response
    response = wrapped_callback(request, *callback_args, **callback_kwargs)
  File "/Users/limengyu/open/k8s_manager/k8s_manager/assets.py", line 37, in add
    form.save()
  File "/usr/local/lib/python2.7/site-packages/django/forms/models.py", line 463, in save
    self.instance.save()
  File "/usr/local/lib/python2.7/site-packages/django/db/models/base.py", line 807, in save
    force_update=force_update, update_fields=update_fields)
  File "/usr/local/lib/python2.7/site-packages/django/db/models/base.py", line 837, in save_base
    updated = self._save_table(raw, cls, force_insert, force_update, using, update_fields)
  File "/usr/local/lib/python2.7/site-packages/django/db/models/base.py", line 923, in _save_table
    result = self._do_insert(cls._base_manager, using, fields, update_pk, raw)
  File "/usr/local/lib/python2.7/site-packages/django/db/models/base.py", line 962, in _do_insert
    using=using, raw=raw)
  File "/usr/local/lib/python2.7/site-packages/django/db/models/manager.py", line 85, in manager_method
    return getattr(self.get_queryset(), name)(*args, **kwargs)
  File "/usr/local/lib/python2.7/site-packages/django/db/models/query.py", line 1076, in _insert
    return query.get_compiler(using=using).execute_sql(return_id)
  File "/usr/local/lib/python2.7/site-packages/django/db/models/sql/compiler.py", line 1107, in execute_sql
    cursor.execute(sql, params)
  File "/usr/local/lib/python2.7/site-packages/django/db/backends/utils.py", line 80, in execute
    return super(CursorDebugWrapper, self).execute(sql, params)
  File "/usr/local/lib/python2.7/site-packages/django/db/backends/utils.py", line 65, in execute
    return self.cursor.execute(sql, params)
  File "/usr/local/lib/python2.7/site-packages/django/db/utils.py", line 94, in __exit__
    six.reraise(dj_exc_type, dj_exc_value, traceback)
  File "/usr/local/lib/python2.7/site-packages/django/db/backends/utils.py", line 65, in execute
    return self.cursor.execute(sql, params)
  File "/usr/local/lib/python2.7/site-packages/django/db/backends/sqlite3/base.py", line 328, in execute
    return Database.Cursor.execute(self, query, params)
IntegrityError: NOT NULL constraint failed: assets.activeDate
[2019-01-08 16:07:07,826] [ERROR] "POST /assets/add HTTP/1.1" 500 133586
[2019-01-08 16:11:04,729] [INFO] "GET /assets HTTP/1.1" 200 5446
[2019-01-08 16:11:04,867] [INFO] "GET /static/js/plugins/jquery.uniform.min.js HTTP/1.1" 200 9323
[2019-01-08 16:11:04,871] [INFO] "GET /static/js/plugins/jquery.validate.min.js HTTP/1.1" 200 21601
[2019-01-08 16:11:04,875] [INFO] "GET /static/js/plugins/jquery.tagsinput.min.js HTTP/1.1" 200 6400
[2019-01-08 16:11:04,876] [INFO] "GET /static/css/style.default.css HTTP/1.1" 200 121140
[2019-01-08 16:11:04,878] [INFO] "GET /static/js/plugins/jquery.cookie.js HTTP/1.1" 200 1782
[2019-01-08 16:11:04,880] [INFO] "GET /static/js/plugins/jquery-1.7.min.js HTTP/1.1" 200 94020
[2019-01-08 16:11:04,880] [INFO] "GET /static/js/plugins/jquery-ui-1.8.16.custom.min.js HTTP/1.1" 200 210463
[2019-01-08 16:11:04,881] [INFO] "GET /static/js/plugins/jquery.dataTables.min.js HTTP/1.1" 200 70883
[2019-01-08 16:11:04,882] [INFO] "GET /static/js/plugins/ui.spinner.min.js HTTP/1.1" 200 8253
[2019-01-08 16:11:04,883] [INFO] "GET /static/js/plugins/charCount.js HTTP/1.1" 200 1571
[2019-01-08 16:11:04,890] [INFO] "GET /static/css/plugins/jquery.alerts.css HTTP/1.1" 200 2503
[2019-01-08 16:11:04,892] [INFO] "GET /static/fonts/roboto.css HTTP/1.1" 200 6933
[2019-01-08 16:11:04,893] [INFO] "GET /static/css/plugins/uniform.tp.css HTTP/1.1" 200 10550
[2019-01-08 16:11:04,895] [INFO] "GET /static/css/plugins/jquery.ui.css HTTP/1.1" 200 9186
[2019-01-08 16:11:04,897] [INFO] "GET /static/css/plugins/fullcalendar.css HTTP/1.1" 200 11810
[2019-01-08 16:11:04,897] [INFO] "GET /static/css/plugins/jquery.ui.autocomplete.css HTTP/1.1" 200 901
[2019-01-08 16:11:04,899] [INFO] "GET /static/css/plugins/colorpicker.css HTTP/1.1" 200 3435
[2019-01-08 16:11:04,899] [INFO] "GET /static/css/plugins/colorbox.css HTTP/1.1" 200 2259
[2019-01-08 16:11:04,901] [INFO] "GET /static/css/plugins/jquery.jgrowl.css HTTP/1.1" 200 1943
[2019-01-08 16:11:04,903] [INFO] "GET /static/css/plugins/ui.spinner.css HTTP/1.1" 200 506
[2019-01-08 16:11:04,904] [INFO] "GET /static/css/plugins/jquery.tagsinput.css HTTP/1.1" 200 918
[2019-01-08 16:11:04,904] [INFO] "GET /static/css/plugins/jquery.chosen.css HTTP/1.1" 200 11789
[2019-01-08 16:11:04,907] [INFO] "GET /static/js/plugins/chosen.jquery.min.js HTTP/1.1" 200 22939
[2019-01-08 16:11:04,907] [INFO] "GET /static/js/custom/general.js HTTP/1.1" 200 9570
[2019-01-08 16:11:04,910] [INFO] "GET /static/js/custom/tables.js HTTP/1.1" 200 4662
[2019-01-08 16:11:04,910] [INFO] "GET /static/js/custom.js HTTP/1.1" 200 1269
[2019-01-08 16:11:04,911] [INFO] "GET /static/images/thumbs/avatar.png HTTP/1.1" 200 1473
[2019-01-08 16:11:04,911] [INFO] "GET /static/images/thumbs/avatarbig.png HTTP/1.1" 200 16493
[2019-01-08 16:11:05,028] [INFO] "GET /static/images/line.ccc.png HTTP/1.1" 200 109
[2019-01-08 16:11:05,028] [INFO] "GET /static/images/default/topheaderbg.png HTTP/1.1" 200 4093
[2019-01-08 16:11:05,036] [INFO] "GET /static/images/default/headerbg.png HTTP/1.1" 200 1144
[2019-01-08 16:11:05,038] [INFO] "GET /static/images/default/searchbutton.png HTTP/1.1" 200 3462
[2019-01-08 16:11:05,038] [INFO] "GET /static/images/default/userinfoarrow.png HTTP/1.1" 200 207
[2019-01-08 16:11:05,038] [INFO] "GET /static/images/default/arrow-active.png HTTP/1.1" 200 21122
[2019-01-08 16:11:05,042] [INFO] "GET /static/images/icons/flatscreen.white.png HTTP/1.1" 200 337
[2019-01-08 16:11:05,044] [INFO] "GET /static/fonts/Roboto-BoldCondensed-webfont.woff HTTP/1.1" 200 21440
[2019-01-08 16:11:05,046] [INFO] "GET /static/images/icons/message.white.png HTTP/1.1" 200 556
[2019-01-08 16:11:05,047] [INFO] "GET /static/images/icons/pencil.white.png HTTP/1.1" 200 464
[2019-01-08 16:11:05,048] [INFO] "GET /static/fonts/Roboto-Condensed-webfont.woff HTTP/1.1" 200 21836
[2019-01-08 16:11:05,049] [INFO] "GET /static/images/icons/chart.white.png HTTP/1.1" 200 231
[2019-01-08 16:11:05,050] [INFO] "GET /static/images/default/icons_sprite.png HTTP/1.1" 200 3631
[2019-01-08 16:11:05,052] [INFO] "GET /static/images/default/menuarrow.png HTTP/1.1" 200 2884
[2019-01-08 16:11:05,052] [INFO] "GET /static/images/menucollapsed.png HTTP/1.1" 200 875
[2019-01-08 16:11:05,052] [INFO] "GET /static/images/default/noise.white.png HTTP/1.1" 200 7924
[2019-01-08 16:11:05,086] [INFO] "GET /static/images/sort_both.png HTTP/1.1" 200 2957
[2019-01-08 16:11:51,034] [INFO] "GET /static/images/default/icons_sprite2.png HTTP/1.1" 200 2934
[2019-01-08 16:11:51,263] [INFO] "GET /static/images/line.dashed.png HTTP/1.1" 200 128
[2019-01-08 16:11:51,857] [INFO] "GET /assets/add HTTP/1.1" 200 4068
[2019-01-08 16:11:51,864] [INFO] "GET /static/js/product-form.js?_=1546963911861 HTTP/1.1" 200 3174
[2019-01-08 16:11:59,233] [INFO] -----------debug----------
[2019-01-08 16:11:59,234] [INFO] True
[2019-01-08 16:11:59,238] [INFO] "POST /assets/add HTTP/1.1" 302 0
[2019-01-08 16:11:59,247] [INFO] "GET /assets HTTP/1.1" 200 6132
[2019-01-08 16:11:59,272] [INFO] "GET /static/js/plugins/jquery.cookie.js HTTP/1.1" 200 1782
[2019-01-08 16:11:59,273] [INFO] "GET /static/js/plugins/jquery.uniform.min.js HTTP/1.1" 200 9323
[2019-01-08 16:11:59,274] [INFO] "GET /static/js/plugins/jquery.dataTables.min.js HTTP/1.1" 200 70883
[2019-01-08 16:11:59,275] [INFO] "GET /static/js/plugins/jquery-1.7.min.js HTTP/1.1" 200 94020
[2019-01-08 16:11:59,276] [INFO] "GET /static/css/style.default.css HTTP/1.1" 200 121140
[2019-01-08 16:11:59,277] [INFO] "GET /static/js/plugins/jquery-ui-1.8.16.custom.min.js HTTP/1.1" 200 210463
[2019-01-08 16:11:59,280] [INFO] "GET /static/js/plugins/jquery.validate.min.js HTTP/1.1" 200 21601
[2019-01-08 16:11:59,286] [INFO] "GET /static/js/plugins/charCount.js HTTP/1.1" 200 1571
[2019-01-08 16:11:59,287] [INFO] "GET /static/js/plugins/jquery.tagsinput.min.js HTTP/1.1" 200 6400
[2019-01-08 16:11:59,287] [INFO] "GET /static/js/plugins/ui.spinner.min.js HTTP/1.1" 200 8253
[2019-01-08 16:11:59,288] [INFO] "GET /static/js/plugins/chosen.jquery.min.js HTTP/1.1" 200 22939
[2019-01-08 16:11:59,292] [INFO] "GET /static/js/custom/tables.js HTTP/1.1" 200 4662
[2019-01-08 16:11:59,292] [INFO] "GET /static/js/custom/general.js HTTP/1.1" 200 9570
[2019-01-08 16:11:59,302] [INFO] "GET /static/fonts/roboto.css HTTP/1.1" 200 6933
[2019-01-08 16:11:59,303] [INFO] "GET /static/css/plugins/jquery.ui.css HTTP/1.1" 200 9186
[2019-01-08 16:11:59,304] [INFO] "GET /static/css/plugins/jquery.alerts.css HTTP/1.1" 200 2503
[2019-01-08 16:11:59,305] [INFO] "GET /static/css/plugins/uniform.tp.css HTTP/1.1" 200 10550
[2019-01-08 16:11:59,307] [INFO] "GET /static/css/plugins/jquery.ui.autocomplete.css HTTP/1.1" 200 901
[2019-01-08 16:11:59,308] [INFO] "GET /static/css/plugins/colorbox.css HTTP/1.1" 200 2259
[2019-01-08 16:11:59,309] [INFO] "GET /static/css/plugins/fullcalendar.css HTTP/1.1" 200 11810
[2019-01-08 16:11:59,309] [INFO] "GET /static/css/plugins/colorpicker.css HTTP/1.1" 200 3435
[2019-01-08 16:11:59,313] [INFO] "GET /static/css/plugins/jquery.jgrowl.css HTTP/1.1" 200 1943
[2019-01-08 16:11:59,314] [INFO] "GET /static/css/plugins/jquery.tagsinput.css HTTP/1.1" 200 918
[2019-01-08 16:11:59,318] [INFO] "GET /static/css/plugins/ui.spinner.css HTTP/1.1" 200 506
[2019-01-08 16:11:59,318] [INFO] "GET /static/js/custom.js HTTP/1.1" 200 1269
[2019-01-08 16:11:59,318] [INFO] "GET /static/css/plugins/jquery.chosen.css HTTP/1.1" 200 11789
[2019-01-08 16:11:59,320] [INFO] "GET /static/images/thumbs/avatar.png HTTP/1.1" 200 1473
[2019-01-08 16:11:59,320] [INFO] "GET /static/images/thumbs/avatarbig.png HTTP/1.1" 200 16493
[2019-01-08 16:11:59,374] [INFO] "GET /static/images/line.ccc.png HTTP/1.1" 200 109
[2019-01-08 16:11:59,376] [INFO] "GET /static/images/default/topheaderbg.png HTTP/1.1" 200 4093
[2019-01-08 16:11:59,380] [INFO] "GET /static/images/default/searchbutton.png HTTP/1.1" 200 3462
[2019-01-08 16:11:59,381] [INFO] "GET /static/images/default/headerbg.png HTTP/1.1" 200 1144
[2019-01-08 16:11:59,382] [INFO] "GET /static/images/default/userinfoarrow.png HTTP/1.1" 200 207
[2019-01-08 16:11:59,385] [INFO] "GET /static/images/default/arrow-active.png HTTP/1.1" 200 21122
[2019-01-08 16:11:59,386] [INFO] "GET /static/fonts/Roboto-Condensed-webfont.woff HTTP/1.1" 200 21836
[2019-01-08 16:11:59,389] [INFO] "GET /static/fonts/Roboto-BoldCondensed-webfont.woff HTTP/1.1" 200 21440
[2019-01-08 16:11:59,389] [INFO] "GET /static/images/icons/flatscreen.white.png HTTP/1.1" 200 337
[2019-01-08 16:11:59,391] [INFO] "GET /static/images/icons/message.white.png HTTP/1.1" 200 556
[2019-01-08 16:11:59,394] [INFO] "GET /static/images/icons/chart.white.png HTTP/1.1" 200 231
[2019-01-08 16:11:59,394] [INFO] "GET /static/images/icons/pencil.white.png HTTP/1.1" 200 464
[2019-01-08 16:11:59,395] [INFO] "GET /static/images/default/noise.white.png HTTP/1.1" 200 7924
[2019-01-08 16:11:59,395] [INFO] "GET /static/images/menucollapsed.png HTTP/1.1" 200 875
[2019-01-08 16:11:59,397] [INFO] "GET /static/images/default/icons_sprite.png HTTP/1.1" 200 3631
[2019-01-08 16:11:59,398] [INFO] "GET /static/images/default/menuarrow.png HTTP/1.1" 200 2884
[2019-01-08 16:11:59,407] [INFO] "GET /static/images/sort_both.png HTTP/1.1" 200 2957
[2019-01-08 16:11:59,415] [INFO] "GET /static/images/uniform/sprite.png HTTP/1.1" 200 18012
[2019-01-08 16:13:09,970] [WARNING] Not Found: /assets/edit/1
[2019-01-08 16:13:09,971] [WARNING] "GET /assets/edit/1 HTTP/1.1" 404 2628
[2019-01-08 16:13:10,949] [WARNING] Not Found: /assets/edit/1
[2019-01-08 16:13:10,949] [WARNING] "GET /assets/edit/1 HTTP/1.1" 404 2628
[2019-01-08 16:19:54,199] [WARNING] Not Found: /
[2019-01-08 16:19:54,200] [WARNING] "GET / HTTP/1.1" 404 2571
[2019-01-08 16:19:54,538] [INFO] "GET /index HTTP/1.1" 200 5781
[2019-01-08 16:19:55,520] [INFO] "GET /index HTTP/1.1" 200 5781
[2019-01-08 16:19:55,602] [INFO] "GET /static/js/plugins/jquery-1.7.min.js HTTP/1.1" 200 94020
[2019-01-08 16:19:55,605] [INFO] "GET /static/js/plugins/jquery-ui-1.8.16.custom.min.js HTTP/1.1" 200 210463
[2019-01-08 16:19:55,605] [INFO] "GET /static/css/style.default.css HTTP/1.1" 200 121140
[2019-01-08 16:19:55,608] [INFO] "GET /static/js/plugins/jquery.cookie.js HTTP/1.1" 200 1782
[2019-01-08 16:19:55,608] [INFO] "GET /static/js/plugins/jquery.uniform.min.js HTTP/1.1" 200 9323
[2019-01-08 16:19:55,613] [INFO] "GET /static/js/plugins/jquery.slimscroll.js HTTP/1.1" 200 7724
[2019-01-08 16:19:55,615] [INFO] "GET /static/fonts/roboto.css HTTP/1.1" 200 6933
[2019-01-08 16:19:55,617] [INFO] "GET /static/css/plugins/jquery.alerts.css HTTP/1.1" 200 2503
[2019-01-08 16:19:55,620] [INFO] "GET /static/css/plugins/uniform.tp.css HTTP/1.1" 200 10550
[2019-01-08 16:19:55,622] [INFO] "GET /static/css/plugins/jquery.ui.autocomplete.css HTTP/1.1" 200 901
[2019-01-08 16:19:55,623] [INFO] "GET /static/css/plugins/jquery.ui.css HTTP/1.1" 200 9186
[2019-01-08 16:19:55,628] [INFO] "GET /static/css/plugins/fullcalendar.css HTTP/1.1" 200 11810
[2019-01-08 16:19:55,629] [INFO] "GET /static/css/plugins/colorbox.css HTTP/1.1" 200 2259
[2019-01-08 16:19:55,630] [INFO] "GET /static/css/plugins/colorpicker.css HTTP/1.1" 200 3435
[2019-01-08 16:19:55,630] [INFO] "GET /static/css/plugins/jquery.jgrowl.css HTTP/1.1" 200 1943
[2019-01-08 16:19:55,633] [INFO] "GET /static/css/plugins/ui.spinner.css HTTP/1.1" 200 506
[2019-01-08 16:19:55,634] [INFO] "GET /static/css/plugins/jquery.tagsinput.css HTTP/1.1" 200 918
[2019-01-08 16:19:55,636] [INFO] "GET /static/css/plugins/jquery.chosen.css HTTP/1.1" 200 11789
[2019-01-08 16:19:55,636] [INFO] "GET /static/js/custom/general.js HTTP/1.1" 200 9570
[2019-01-08 16:19:55,708] [INFO] "GET /static/images/thumbs/avatarbig.png HTTP/1.1" 200 16493
[2019-01-08 16:19:55,708] [INFO] "GET /static/images/thumbs/avatar.png HTTP/1.1" 200 1473
[2019-01-08 16:19:55,713] [INFO] "GET /static/images/line.ccc.png HTTP/1.1" 200 109
[2019-01-08 16:19:55,717] [INFO] "GET /static/images/default/topheaderbg.png HTTP/1.1" 200 4093
[2019-01-08 16:19:55,720] [INFO] "GET /static/fonts/Roboto-Condensed-webfont.woff HTTP/1.1" 200 21836
[2019-01-08 16:19:55,722] [INFO] "GET /static/images/default/searchbutton.png HTTP/1.1" 200 3462
[2019-01-08 16:19:55,722] [INFO] "GET /static/fonts/Roboto-BoldCondensed-webfont.woff HTTP/1.1" 200 21440
[2019-01-08 16:19:55,724] [INFO] "GET /static/images/default/userinfoarrow.png HTTP/1.1" 200 207
[2019-01-08 16:19:55,725] [INFO] "GET /static/images/default/headerbg.png HTTP/1.1" 200 1144
[2019-01-08 16:19:55,729] [INFO] "GET /static/images/icons/flatscreen.white.png HTTP/1.1" 200 337
[2019-01-08 16:19:55,729] [INFO] "GET /static/images/default/arrow-active.png HTTP/1.1" 200 21122
[2019-01-08 16:19:55,731] [INFO] "GET /static/images/icons/message.white.png HTTP/1.1" 200 556
[2019-01-08 16:19:55,733] [INFO] "GET /static/images/icons/pencil.white.png HTTP/1.1" 200 464
[2019-01-08 16:19:55,735] [INFO] "GET /static/images/icons/chart.white.png HTTP/1.1" 200 231
[2019-01-08 16:19:55,738] [INFO] "GET /static/images/default/icons_sprite.png HTTP/1.1" 200 3631
[2019-01-08 16:19:55,741] [INFO] "GET /static/images/default/menuarrow.png HTTP/1.1" 200 2884
[2019-01-08 16:19:55,741] [INFO] "GET /static/images/menucollapsed.png HTTP/1.1" 200 875
[2019-01-08 16:19:55,741] [INFO] "GET /static/images/default/noise.white.png HTTP/1.1" 200 7924
[2019-01-08 16:19:55,833] [INFO] "GET /static/images/icons/blogperfume/Advertisment/advertisment-32.png HTTP/1.1" 200 2590
[2019-01-08 16:19:56,133] [INFO] "GET /static/images/close.png HTTP/1.1" 200 1781
[2019-01-08 16:19:56,390] [INFO] "GET /static/images/default/bghover.png HTTP/1.1" 200 17273
[2019-01-08 16:19:56,581] [INFO] "GET /static/images/default/icons_sprite2.png HTTP/1.1" 200 2934
[2019-01-08 16:19:58,233] [INFO] "GET /assets HTTP/1.1" 200 6136
[2019-01-08 16:19:58,257] [INFO] "GET /static/js/plugins/jquery.cookie.js HTTP/1.1" 200 1782
[2019-01-08 16:19:58,260] [INFO] "GET /static/css/style.default.css HTTP/1.1" 200 121140
[2019-01-08 16:19:58,263] [INFO] "GET /static/js/plugins/jquery-1.7.min.js HTTP/1.1" 200 94020
[2019-01-08 16:19:58,263] [INFO] "GET /static/js/plugins/jquery.uniform.min.js HTTP/1.1" 200 9323
[2019-01-08 16:19:58,264] [INFO] "GET /static/js/plugins/jquery.dataTables.min.js HTTP/1.1" 200 70883
[2019-01-08 16:19:58,266] [INFO] "GET /static/js/plugins/jquery-ui-1.8.16.custom.min.js HTTP/1.1" 200 210463
[2019-01-08 16:19:58,266] [INFO] "GET /static/js/plugins/jquery.validate.min.js HTTP/1.1" 200 21601
[2019-01-08 16:19:58,268] [INFO] "GET /static/js/plugins/jquery.tagsinput.min.js HTTP/1.1" 200 6400
[2019-01-08 16:19:58,273] [INFO] "GET /static/js/plugins/ui.spinner.min.js HTTP/1.1" 200 8253
[2019-01-08 16:19:58,280] [INFO] "GET /static/css/plugins/jquery.alerts.css HTTP/1.1" 200 2503
[2019-01-08 16:19:58,283] [INFO] "GET /static/fonts/roboto.css HTTP/1.1" 200 6933
[2019-01-08 16:19:58,285] [INFO] "GET /static/css/plugins/uniform.tp.css HTTP/1.1" 200 10550
[2019-01-08 16:19:58,287] [INFO] "GET /static/css/plugins/jquery.ui.css HTTP/1.1" 200 9186
[2019-01-08 16:19:58,289] [INFO] "GET /static/css/plugins/jquery.ui.autocomplete.css HTTP/1.1" 200 901
[2019-01-08 16:19:58,291] [INFO] "GET /static/css/plugins/fullcalendar.css HTTP/1.1" 200 11810
[2019-01-08 16:19:58,293] [INFO] "GET /static/css/plugins/colorbox.css HTTP/1.1" 200 2259
[2019-01-08 16:19:58,296] [INFO] "GET /static/css/plugins/colorpicker.css HTTP/1.1" 200 3435
[2019-01-08 16:19:58,298] [INFO] "GET /static/css/plugins/jquery.jgrowl.css HTTP/1.1" 200 1943
[2019-01-08 16:19:58,299] [INFO] "GET /static/css/plugins/jquery.tagsinput.css HTTP/1.1" 200 918
[2019-01-08 16:19:58,303] [INFO] "GET /static/css/plugins/jquery.chosen.css HTTP/1.1" 200 11789
[2019-01-08 16:19:58,301] [INFO] "GET /static/css/plugins/ui.spinner.css HTTP/1.1" 200 506
[2019-01-08 16:19:58,304] [INFO] "GET /static/js/plugins/charCount.js HTTP/1.1" 200 1571
[2019-01-08 16:19:58,305] [INFO] "GET /static/js/custom/general.js HTTP/1.1" 200 9570
[2019-01-08 16:19:58,305] [INFO] "GET /static/js/plugins/chosen.jquery.min.js HTTP/1.1" 200 22939
[2019-01-08 16:19:58,309] [INFO] "GET /static/js/custom/tables.js HTTP/1.1" 200 4662
[2019-01-08 16:19:58,309] [INFO] "GET /static/js/custom.js HTTP/1.1" 200 1269
[2019-01-08 16:19:58,310] [INFO] "GET /static/images/thumbs/avatar.png HTTP/1.1" 200 1473
[2019-01-08 16:19:58,310] [INFO] "GET /static/images/thumbs/avatarbig.png HTTP/1.1" 200 16493
[2019-01-08 16:19:58,371] [INFO] "GET /static/images/line.ccc.png HTTP/1.1" 200 109
[2019-01-08 16:19:58,372] [INFO] "GET /static/images/default/topheaderbg.png HTTP/1.1" 200 4093
[2019-01-08 16:19:58,372] [INFO] "GET /static/images/default/searchbutton.png HTTP/1.1" 200 3462
[2019-01-08 16:19:58,375] [INFO] "GET /static/images/default/headerbg.png HTTP/1.1" 200 1144
[2019-01-08 16:19:58,377] [INFO] "GET /static/images/default/userinfoarrow.png HTTP/1.1" 200 207
[2019-01-08 16:19:58,377] [INFO] "GET /static/images/default/arrow-active.png HTTP/1.1" 200 21122
[2019-01-08 16:19:58,379] [INFO] "GET /static/fonts/Roboto-Condensed-webfont.woff HTTP/1.1" 200 21836
[2019-01-08 16:19:58,381] [INFO] "GET /static/images/icons/message.white.png HTTP/1.1" 200 556
[2019-01-08 16:19:58,381] [INFO] "GET /static/fonts/Roboto-BoldCondensed-webfont.woff HTTP/1.1" 200 21440
[2019-01-08 16:19:58,381] [INFO] "GET /static/images/icons/flatscreen.white.png HTTP/1.1" 200 337
[2019-01-08 16:19:58,382] [INFO] "GET /static/images/icons/pencil.white.png HTTP/1.1" 200 464
[2019-01-08 16:19:58,384] [INFO] "GET /static/images/icons/chart.white.png HTTP/1.1" 200 231
[2019-01-08 16:19:58,385] [INFO] "GET /static/images/default/icons_sprite.png HTTP/1.1" 200 3631
[2019-01-08 16:19:58,386] [INFO] "GET /static/images/default/menuarrow.png HTTP/1.1" 200 2884
[2019-01-08 16:19:58,388] [INFO] "GET /static/images/menucollapsed.png HTTP/1.1" 200 875
[2019-01-08 16:19:58,388] [INFO] "GET /static/images/default/noise.white.png HTTP/1.1" 200 7924
[2019-01-08 16:19:58,404] [INFO] "GET /static/images/sort_both.png HTTP/1.1" 200 2957
[2019-01-08 16:19:58,413] [INFO] "GET /static/images/uniform/sprite.png HTTP/1.1" 200 18012
[2019-01-08 16:19:58,422] [INFO] "GET /static/images/default/bghover.png HTTP/1.1" 200 17273
[2019-01-08 16:19:58,484] [INFO] "GET /static/images/default/icons_sprite2.png HTTP/1.1" 200 2934
[2019-01-08 16:19:59,475] [INFO] "GET /static/images/line.dashed.png HTTP/1.1" 200 128
[2019-01-08 16:20:02,076] [WARNING] Not Found: /assets/edit/1
[2019-01-08 16:20:02,076] [WARNING] "GET /assets/edit/1 HTTP/1.1" 404 2628
[2019-01-08 16:21:05,924] [INFO] "GET /assets HTTP/1.1" 200 6136
[2019-01-08 16:21:06,058] [INFO] "GET /static/js/plugins/jquery.uniform.min.js HTTP/1.1" 200 9323
[2019-01-08 16:21:06,061] [INFO] "GET /static/js/plugins/jquery.validate.min.js HTTP/1.1" 200 21601
[2019-01-08 16:21:06,064] [INFO] "GET /static/js/plugins/jquery.tagsinput.min.js HTTP/1.1" 200 6400
[2019-01-08 16:21:06,067] [INFO] "GET /static/js/plugins/ui.spinner.min.js HTTP/1.1" 200 8253
[2019-01-08 16:21:06,071] [INFO] "GET /static/js/plugins/jquery.dataTables.min.js HTTP/1.1" 200 70883
[2019-01-08 16:21:06,072] [INFO] "GET /static/js/plugins/charCount.js HTTP/1.1" 200 1571
[2019-01-08 16:21:06,076] [INFO] "GET /static/js/plugins/jquery-1.7.min.js HTTP/1.1" 200 94020
[2019-01-08 16:21:06,077] [INFO] "GET /static/js/plugins/chosen.jquery.min.js HTTP/1.1" 200 22939
[2019-01-08 16:21:06,080] [INFO] "GET /static/js/custom/general.js HTTP/1.1" 200 9570
[2019-01-08 16:21:06,080] [INFO] "GET /static/js/custom/tables.js HTTP/1.1" 200 4662
[2019-01-08 16:21:06,080] [INFO] "GET /static/js/plugins/jquery.cookie.js HTTP/1.1" 200 1782
[2019-01-08 16:21:06,081] [INFO] "GET /static/css/style.default.css HTTP/1.1" 200 121140
[2019-01-08 16:21:06,082] [INFO] "GET /static/js/custom.js HTTP/1.1" 200 1269
[2019-01-08 16:21:06,083] [INFO] "GET /static/js/plugins/jquery-ui-1.8.16.custom.min.js HTTP/1.1" 200 210463
[2019-01-08 16:21:06,087] [INFO] "GET /static/images/thumbs/avatar.png HTTP/1.1" 200 1473
[2019-01-08 16:21:06,093] [INFO] "GET /static/images/thumbs/avatarbig.png HTTP/1.1" 200 16493
[2019-01-08 16:21:06,094] [INFO] "GET /static/fonts/roboto.css HTTP/1.1" 200 6933
[2019-01-08 16:21:06,095] [INFO] "GET /static/css/plugins/jquery.alerts.css HTTP/1.1" 200 2503
[2019-01-08 16:21:06,095] [INFO] "GET /static/css/plugins/jquery.ui.css HTTP/1.1" 200 9186
[2019-01-08 16:21:06,096] [INFO] "GET /static/css/plugins/jquery.ui.autocomplete.css HTTP/1.1" 200 901
[2019-01-08 16:21:06,098] [INFO] "GET /static/css/plugins/fullcalendar.css HTTP/1.1" 200 11810
[2019-01-08 16:21:06,097] [INFO] "GET /static/css/plugins/uniform.tp.css HTTP/1.1" 200 10550
[2019-01-08 16:21:06,098] [INFO] "GET /static/css/plugins/colorbox.css HTTP/1.1" 200 2259
[2019-01-08 16:21:06,102] [INFO] "GET /static/css/plugins/ui.spinner.css HTTP/1.1" 200 506
[2019-01-08 16:21:06,101] [INFO] "GET /static/css/plugins/colorpicker.css HTTP/1.1" 200 3435
[2019-01-08 16:21:06,103] [INFO] "GET /static/css/plugins/jquery.tagsinput.css HTTP/1.1" 200 918
[2019-01-08 16:21:06,103] [INFO] "GET /static/css/plugins/jquery.jgrowl.css HTTP/1.1" 200 1943
[2019-01-08 16:21:06,103] [INFO] "GET /static/css/plugins/jquery.chosen.css HTTP/1.1" 200 11789
[2019-01-08 16:21:06,208] [INFO] "GET /static/images/line.ccc.png HTTP/1.1" 200 109
[2019-01-08 16:21:06,208] [INFO] "GET /static/images/default/topheaderbg.png HTTP/1.1" 200 4093
[2019-01-08 16:21:06,213] [INFO] "GET /static/images/default/searchbutton.png HTTP/1.1" 200 3462
[2019-01-08 16:21:06,217] [INFO] "GET /static/images/default/arrow-active.png HTTP/1.1" 200 21122
[2019-01-08 16:21:06,218] [INFO] "GET /static/images/default/userinfoarrow.png HTTP/1.1" 200 207
[2019-01-08 16:21:06,219] [INFO] "GET /static/images/default/headerbg.png HTTP/1.1" 200 1144
[2019-01-08 16:21:06,221] [INFO] "GET /static/images/icons/flatscreen.white.png HTTP/1.1" 200 337
[2019-01-08 16:21:06,223] [INFO] "GET /static/fonts/Roboto-Condensed-webfont.woff HTTP/1.1" 200 21836
[2019-01-08 16:21:06,224] [INFO] "GET /static/images/icons/message.white.png HTTP/1.1" 200 556
[2019-01-08 16:21:06,224] [INFO] "GET /static/fonts/Roboto-BoldCondensed-webfont.woff HTTP/1.1" 200 21440
[2019-01-08 16:21:06,226] [INFO] "GET /static/images/icons/chart.white.png HTTP/1.1" 200 231
[2019-01-08 16:21:06,226] [INFO] "GET /static/images/icons/pencil.white.png HTTP/1.1" 200 464
[2019-01-08 16:21:06,228] [INFO] "GET /static/images/default/icons_sprite.png HTTP/1.1" 200 3631
[2019-01-08 16:21:06,228] [INFO] "GET /static/images/default/menuarrow.png HTTP/1.1" 200 2884
[2019-01-08 16:21:06,230] [INFO] "GET /static/images/menucollapsed.png HTTP/1.1" 200 875
[2019-01-08 16:21:06,230] [INFO] "GET /static/images/default/noise.white.png HTTP/1.1" 200 7924
[2019-01-08 16:21:06,268] [INFO] "GET /static/images/sort_both.png HTTP/1.1" 200 2957
[2019-01-08 16:21:06,278] [INFO] "GET /static/images/uniform/sprite.png HTTP/1.1" 200 18012
[2019-01-08 16:21:06,717] [INFO] "GET /static/images/default/bghover.png HTTP/1.1" 200 17273
[2019-01-08 16:21:06,834] [INFO] "GET /static/images/default/icons_sprite2.png HTTP/1.1" 200 2934
[2019-01-08 16:21:07,598] [INFO] "GET /assets HTTP/1.1" 200 6136
[2019-01-08 16:21:07,623] [INFO] "GET /static/js/plugins/jquery.cookie.js HTTP/1.1" 200 1782
[2019-01-08 16:21:07,624] [INFO] "GET /static/js/plugins/jquery.dataTables.min.js HTTP/1.1" 200 70883
[2019-01-08 16:21:07,625] [INFO] "GET /static/js/plugins/jquery.uniform.min.js HTTP/1.1" 200 9323
[2019-01-08 16:21:07,626] [INFO] "GET /static/js/plugins/jquery-1.7.min.js HTTP/1.1" 200 94020
[2019-01-08 16:21:07,626] [INFO] "GET /static/css/style.default.css HTTP/1.1" 200 121140
[2019-01-08 16:21:07,628] [INFO] "GET /static/js/plugins/jquery-ui-1.8.16.custom.min.js HTTP/1.1" 200 210463
[2019-01-08 16:21:07,631] [INFO] "GET /static/js/plugins/jquery.validate.min.js HTTP/1.1" 200 21601
[2019-01-08 16:21:07,634] [INFO] "GET /static/js/plugins/jquery.tagsinput.min.js HTTP/1.1" 200 6400
[2019-01-08 16:21:07,634] [INFO] "GET /static/js/plugins/ui.spinner.min.js HTTP/1.1" 200 8253
[2019-01-08 16:21:07,639] [INFO] "GET /static/js/plugins/charCount.js HTTP/1.1" 200 1571
[2019-01-08 16:21:07,640] [INFO] "GET /static/js/plugins/chosen.jquery.min.js HTTP/1.1" 200 22939
[2019-01-08 16:21:07,652] [INFO] "GET /static/css/plugins/uniform.tp.css HTTP/1.1" 200 10550
[2019-01-08 16:21:07,652] [INFO] "GET /static/fonts/roboto.css HTTP/1.1" 200 6933
[2019-01-08 16:21:07,653] [INFO] "GET /static/css/plugins/jquery.alerts.css HTTP/1.1" 200 2503
[2019-01-08 16:21:07,654] [INFO] "GET /static/css/plugins/jquery.ui.css HTTP/1.1" 200 9186
[2019-01-08 16:21:07,654] [INFO] "GET /static/css/plugins/jquery.ui.autocomplete.css HTTP/1.1" 200 901
[2019-01-08 16:21:07,657] [INFO] "GET /static/css/plugins/fullcalendar.css HTTP/1.1" 200 11810
[2019-01-08 16:21:07,658] [INFO] "GET /static/css/plugins/colorbox.css HTTP/1.1" 200 2259
[2019-01-08 16:21:07,661] [INFO] "GET /static/css/plugins/colorpicker.css HTTP/1.1" 200 3435
[2019-01-08 16:21:07,664] [INFO] "GET /static/css/plugins/jquery.jgrowl.css HTTP/1.1" 200 1943
[2019-01-08 16:21:07,665] [INFO] "GET /static/css/plugins/jquery.tagsinput.css HTTP/1.1" 200 918
[2019-01-08 16:21:07,669] [INFO] "GET /static/css/plugins/ui.spinner.css HTTP/1.1" 200 506
[2019-01-08 16:21:07,670] [INFO] "GET /static/js/custom/general.js HTTP/1.1" 200 9570
[2019-01-08 16:21:07,670] [INFO] "GET /static/css/plugins/jquery.chosen.css HTTP/1.1" 200 11789
[2019-01-08 16:21:07,671] [INFO] "GET /static/js/custom/tables.js HTTP/1.1" 200 4662
[2019-01-08 16:21:07,673] [INFO] "GET /static/js/custom.js HTTP/1.1" 200 1269
[2019-01-08 16:21:07,674] [INFO] "GET /static/images/thumbs/avatar.png HTTP/1.1" 200 1473
[2019-01-08 16:21:07,675] [INFO] "GET /static/images/thumbs/avatarbig.png HTTP/1.1" 200 16493
[2019-01-08 16:21:07,734] [INFO] "GET /static/images/line.ccc.png HTTP/1.1" 200 109
[2019-01-08 16:21:07,737] [INFO] "GET /static/images/default/topheaderbg.png HTTP/1.1" 200 4093
[2019-01-08 16:21:07,738] [INFO] "GET /static/images/default/userinfoarrow.png HTTP/1.1" 200 207
[2019-01-08 16:21:07,739] [INFO] "GET /static/images/default/headerbg.png HTTP/1.1" 200 1144
[2019-01-08 16:21:07,739] [INFO] "GET /static/images/default/searchbutton.png HTTP/1.1" 200 3462
[2019-01-08 16:21:07,743] [INFO] "GET /static/images/default/arrow-active.png HTTP/1.1" 200 21122
[2019-01-08 16:21:07,744] [INFO] "GET /static/fonts/Roboto-Condensed-webfont.woff HTTP/1.1" 200 21836
[2019-01-08 16:21:07,746] [INFO] "GET /static/fonts/Roboto-BoldCondensed-webfont.woff HTTP/1.1" 200 21440
[2019-01-08 16:21:07,747] [INFO] "GET /static/images/icons/flatscreen.white.png HTTP/1.1" 200 337
[2019-01-08 16:21:07,748] [INFO] "GET /static/images/icons/message.white.png HTTP/1.1" 200 556
[2019-01-08 16:21:07,749] [INFO] "GET /static/images/icons/pencil.white.png HTTP/1.1" 200 464
[2019-01-08 16:21:07,750] [INFO] "GET /static/images/default/noise.white.png HTTP/1.1" 200 7924
[2019-01-08 16:21:07,750] [INFO] "GET /static/images/menucollapsed.png HTTP/1.1" 200 875
[2019-01-08 16:21:07,753] [INFO] "GET /static/images/default/icons_sprite.png HTTP/1.1" 200 3631
[2019-01-08 16:21:07,754] [INFO] "GET /static/images/icons/chart.white.png HTTP/1.1" 200 231
[2019-01-08 16:21:07,754] [INFO] "GET /static/images/default/menuarrow.png HTTP/1.1" 200 2884
[2019-01-08 16:21:07,761] [INFO] "GET /static/images/sort_both.png HTTP/1.1" 200 2957
[2019-01-08 16:21:07,771] [INFO] "GET /static/images/uniform/sprite.png HTTP/1.1" 200 18012
[2019-01-08 16:21:07,782] [INFO] "GET /static/images/default/bghover.png HTTP/1.1" 200 17273
[2019-01-08 16:21:07,884] [INFO] "GET /static/images/default/icons_sprite2.png HTTP/1.1" 200 2934
[2019-01-08 16:21:08,316] [INFO] "GET /static/images/line.dashed.png HTTP/1.1" 200 128
[2019-01-08 16:21:08,984] [INFO] "GET /assets/add HTTP/1.1" 200 4068
[2019-01-08 16:21:08,992] [INFO] "GET /static/js/product-form.js?_=1546964468989 HTTP/1.1" 200 3174
[2019-01-08 16:21:11,009] [INFO] "GET /assets HTTP/1.1" 200 6136
[2019-01-08 16:21:11,022] [INFO] "GET /static/css/style.default.css HTTP/1.1" 200 121140
[2019-01-08 16:21:11,035] [INFO] "GET /static/js/plugins/jquery.cookie.js HTTP/1.1" 200 1782
[2019-01-08 16:21:11,037] [INFO] "GET /static/js/plugins/jquery.uniform.min.js HTTP/1.1" 200 9323
[2019-01-08 16:21:11,038] [INFO] "GET /static/js/plugins/jquery-1.7.min.js HTTP/1.1" 200 94020
[2019-01-08 16:21:11,038] [INFO] "GET /static/js/plugins/jquery.validate.min.js HTTP/1.1" 200 21601
[2019-01-08 16:21:11,040] [INFO] "GET /static/js/plugins/jquery.dataTables.min.js HTTP/1.1" 200 70883
[2019-01-08 16:21:11,041] [INFO] "GET /static/js/plugins/jquery-ui-1.8.16.custom.min.js HTTP/1.1" 200 210463
[2019-01-08 16:21:11,055] [INFO] "GET /static/css/plugins/jquery.alerts.css HTTP/1.1" 200 2503
[2019-01-08 16:21:11,057] [INFO] "GET /static/fonts/roboto.css HTTP/1.1" 200 6933
[2019-01-08 16:21:11,057] [INFO] "GET /static/css/plugins/jquery.ui.css HTTP/1.1" 200 9186
[2019-01-08 16:21:11,058] [INFO] "GET /static/css/plugins/uniform.tp.css HTTP/1.1" 200 10550
[2019-01-08 16:21:11,059] [INFO] "GET /static/css/plugins/fullcalendar.css HTTP/1.1" 200 11810
[2019-01-08 16:21:11,059] [INFO] "GET /static/css/plugins/jquery.ui.autocomplete.css HTTP/1.1" 200 901
[2019-01-08 16:21:11,061] [INFO] "GET /static/css/plugins/colorbox.css HTTP/1.1" 200 2259
[2019-01-08 16:21:11,067] [INFO] "GET /static/css/plugins/colorpicker.css HTTP/1.1" 200 3435
[2019-01-08 16:21:11,069] [INFO] "GET /static/css/plugins/jquery.tagsinput.css HTTP/1.1" 200 918
[2019-01-08 16:21:11,070] [INFO] "GET /static/css/plugins/jquery.jgrowl.css HTTP/1.1" 200 1943
[2019-01-08 16:21:11,071] [INFO] "GET /static/css/plugins/ui.spinner.css HTTP/1.1" 200 506
[2019-01-08 16:21:11,073] [INFO] "GET /static/js/plugins/jquery.tagsinput.min.js HTTP/1.1" 200 6400
[2019-01-08 16:21:11,075] [INFO] "GET /static/css/plugins/jquery.chosen.css HTTP/1.1" 200 11789
[2019-01-08 16:21:11,077] [INFO] "GET /static/js/plugins/ui.spinner.min.js HTTP/1.1" 200 8253
[2019-01-08 16:21:11,081] [INFO] "GET /static/js/custom/general.js HTTP/1.1" 200 9570
[2019-01-08 16:21:11,080] [INFO] "GET /static/js/plugins/charCount.js HTTP/1.1" 200 1571
[2019-01-08 16:21:11,082] [INFO] "GET /static/js/custom/tables.js HTTP/1.1" 200 4662
[2019-01-08 16:21:11,081] [INFO] "GET /static/js/plugins/chosen.jquery.min.js HTTP/1.1" 200 22939
[2019-01-08 16:21:11,083] [INFO] "GET /static/js/custom.js HTTP/1.1" 200 1269
[2019-01-08 16:21:11,084] [INFO] "GET /static/images/thumbs/avatar.png HTTP/1.1" 200 1473
[2019-01-08 16:21:11,085] [INFO] "GET /static/images/thumbs/avatarbig.png HTTP/1.1" 200 16493
[2019-01-08 16:21:11,138] [INFO] "GET /static/images/line.ccc.png HTTP/1.1" 200 109
[2019-01-08 16:21:11,139] [INFO] "GET /static/images/default/topheaderbg.png HTTP/1.1" 200 4093
[2019-01-08 16:21:11,146] [INFO] "GET /static/images/default/headerbg.png HTTP/1.1" 200 1144
[2019-01-08 16:21:11,146] [INFO] "GET /static/images/default/searchbutton.png HTTP/1.1" 200 3462
[2019-01-08 16:21:11,146] [INFO] "GET /static/images/default/userinfoarrow.png HTTP/1.1" 200 207
[2019-01-08 16:21:11,147] [INFO] "GET /static/images/default/arrow-active.png HTTP/1.1" 200 21122
[2019-01-08 16:21:11,148] [INFO] "GET /static/fonts/Roboto-Condensed-webfont.woff HTTP/1.1" 200 21836
[2019-01-08 16:21:11,149] [INFO] "GET /static/fonts/Roboto-BoldCondensed-webfont.woff HTTP/1.1" 200 21440
[2019-01-08 16:21:11,151] [INFO] "GET /static/images/icons/pencil.white.png HTTP/1.1" 200 464
[2019-01-08 16:21:11,152] [INFO] "GET /static/images/icons/flatscreen.white.png HTTP/1.1" 200 337
[2019-01-08 16:21:11,155] [INFO] "GET /static/images/default/noise.white.png HTTP/1.1" 200 7924
[2019-01-08 16:21:11,157] [INFO] "GET /static/images/icons/message.white.png HTTP/1.1" 200 556
[2019-01-08 16:21:11,159] [INFO] "GET /static/images/menucollapsed.png HTTP/1.1" 200 875
[2019-01-08 16:21:11,160] [INFO] "GET /static/images/icons/chart.white.png HTTP/1.1" 200 231
[2019-01-08 16:21:11,161] [INFO] "GET /static/images/default/icons_sprite.png HTTP/1.1" 200 3631
[2019-01-08 16:21:11,161] [INFO] "GET /static/images/default/menuarrow.png HTTP/1.1" 200 2884
[2019-01-08 16:21:11,168] [INFO] "GET /static/images/sort_both.png HTTP/1.1" 200 2957
[2019-01-08 16:21:11,179] [INFO] "GET /static/images/uniform/sprite.png HTTP/1.1" 200 18012
[2019-01-08 16:21:11,189] [INFO] "GET /static/images/default/bghover.png HTTP/1.1" 200 17273
[2019-01-08 16:21:11,258] [INFO] "GET /static/images/default/icons_sprite2.png HTTP/1.1" 200 2934
[2019-01-08 16:21:12,911] [ERROR] Internal Server Error: /assets/edit/1
Traceback (most recent call last):
  File "/usr/local/lib/python2.7/site-packages/django/core/handlers/exception.py", line 41, in inner
    response = get_response(request)
  File "/usr/local/lib/python2.7/site-packages/django/core/handlers/base.py", line 187, in _get_response
    response = self.process_exception_by_middleware(e, request)
  File "/usr/local/lib/python2.7/site-packages/django/core/handlers/base.py", line 185, in _get_response
    response = wrapped_callback(request, *callback_args, **callback_kwargs)
TypeError: edit() takes exactly 2 arguments (1 given)
[2019-01-08 16:21:12,975] [ERROR] "GET /assets/edit/1 HTTP/1.1" 500 15376
[2019-01-08 16:24:46,178] [WARNING] Not Found: /
[2019-01-08 16:24:46,178] [WARNING] "GET / HTTP/1.1" 404 2577
[2019-01-08 16:24:48,588] [INFO] "GET /index HTTP/1.1" 200 5781
[2019-01-08 16:24:48,969] [INFO] "GET /index HTTP/1.1" 200 5781
[2019-01-08 16:24:49,066] [INFO] "GET /static/css/style.default.css HTTP/1.1" 200 121140
[2019-01-08 16:24:49,066] [INFO] "GET /static/js/plugins/jquery-1.7.min.js HTTP/1.1" 200 94020
[2019-01-08 16:24:49,072] [INFO] "GET /static/js/custom/general.js HTTP/1.1" 200 9570
[2019-01-08 16:24:49,072] [INFO] "GET /static/images/thumbs/avatar.png HTTP/1.1" 200 1473
[2019-01-08 16:24:49,077] [INFO] "GET /static/js/plugins/jquery.uniform.min.js HTTP/1.1" 200 9323
[2019-01-08 16:24:49,079] [INFO] "GET /static/fonts/roboto.css HTTP/1.1" 200 6933
[2019-01-08 16:24:49,080] [INFO] "GET /static/js/plugins/jquery.slimscroll.js HTTP/1.1" 200 7724
[2019-01-08 16:24:49,082] [INFO] "GET /static/css/plugins/jquery.alerts.css HTTP/1.1" 200 2503
[2019-01-08 16:24:49,083] [INFO] "GET /static/css/plugins/uniform.tp.css HTTP/1.1" 200 10550
[2019-01-08 16:24:49,083] [INFO] "GET /static/js/plugins/jquery.cookie.js HTTP/1.1" 200 1782
[2019-01-08 16:24:49,087] [INFO] "GET /static/js/plugins/jquery-ui-1.8.16.custom.min.js HTTP/1.1" 200 210463
[2019-01-08 16:24:49,088] [INFO] "GET /static/css/plugins/jquery.ui.autocomplete.css HTTP/1.1" 200 901
[2019-01-08 16:24:49,089] [INFO] "GET /static/css/plugins/jquery.ui.css HTTP/1.1" 200 9186
[2019-01-08 16:24:49,091] [INFO] "GET /static/css/plugins/colorbox.css HTTP/1.1" 200 2259
[2019-01-08 16:24:49,091] [INFO] "GET /static/css/plugins/fullcalendar.css HTTP/1.1" 200 11810
[2019-01-08 16:24:49,092] [INFO] "GET /static/css/plugins/colorpicker.css HTTP/1.1" 200 3435
[2019-01-08 16:24:49,094] [INFO] "GET /static/css/plugins/jquery.jgrowl.css HTTP/1.1" 200 1943
[2019-01-08 16:24:49,095] [INFO] "GET /static/css/plugins/jquery.tagsinput.css HTTP/1.1" 200 918
[2019-01-08 16:24:49,096] [INFO] "GET /static/css/plugins/ui.spinner.css HTTP/1.1" 200 506
[2019-01-08 16:24:49,097] [INFO] "GET /static/css/plugins/jquery.chosen.css HTTP/1.1" 200 11789
[2019-01-08 16:24:49,097] [INFO] "GET /static/images/thumbs/avatarbig.png HTTP/1.1" 200 16493
[2019-01-08 16:24:49,149] [INFO] "GET /static/images/line.ccc.png HTTP/1.1" 200 109
[2019-01-08 16:24:49,150] [INFO] "GET /static/images/default/topheaderbg.png HTTP/1.1" 200 4093
[2019-01-08 16:24:49,160] [INFO] "GET /static/images/default/searchbutton.png HTTP/1.1" 200 3462
[2019-01-08 16:24:49,161] [INFO] "GET /static/images/default/headerbg.png HTTP/1.1" 200 1144
[2019-01-08 16:24:49,161] [INFO] "GET /static/images/default/arrow-active.png HTTP/1.1" 200 21122
[2019-01-08 16:24:49,162] [INFO] "GET /static/images/icons/flatscreen.white.png HTTP/1.1" 200 337
[2019-01-08 16:24:49,162] [INFO] "GET /static/fonts/Roboto-Condensed-webfont.woff HTTP/1.1" 200 21836
[2019-01-08 16:24:49,162] [INFO] "GET /static/images/default/userinfoarrow.png HTTP/1.1" 200 207
[2019-01-08 16:24:49,164] [INFO] "GET /static/fonts/Roboto-BoldCondensed-webfont.woff HTTP/1.1" 200 21440
[2019-01-08 16:24:49,168] [INFO] "GET /static/images/icons/message.white.png HTTP/1.1" 200 556
[2019-01-08 16:24:49,174] [INFO] "GET /static/images/icons/chart.white.png HTTP/1.1" 200 231
[2019-01-08 16:24:49,174] [INFO] "GET /static/images/default/menuarrow.png HTTP/1.1" 200 2884
[2019-01-08 16:24:49,174] [INFO] "GET /static/images/icons/pencil.white.png HTTP/1.1" 200 464
[2019-01-08 16:24:49,176] [INFO] "GET /static/images/default/noise.white.png HTTP/1.1" 200 7924
[2019-01-08 16:24:49,176] [INFO] "GET /static/images/default/icons_sprite.png HTTP/1.1" 200 3631
[2019-01-08 16:24:49,178] [INFO] "GET /static/images/menucollapsed.png HTTP/1.1" 200 875
[2019-01-08 16:24:49,179] [INFO] "GET /static/images/icons/blogperfume/Advertisment/advertisment-32.png HTTP/1.1" 200 2590
[2019-01-08 16:24:49,180] [INFO] "GET /static/images/close.png HTTP/1.1" 200 1781
[2019-01-08 16:24:49,484] [INFO] "GET /static/images/default/bghover.png HTTP/1.1" 200 17273
[2019-01-08 16:24:49,518] [INFO] "GET /static/images/default/icons_sprite2.png HTTP/1.1" 200 2934
[2019-01-08 16:24:52,024] [INFO] "GET /assets HTTP/1.1" 200 6136
[2019-01-08 16:24:52,046] [INFO] "GET /static/js/plugins/jquery.cookie.js HTTP/1.1" 200 1782
[2019-01-08 16:24:52,046] [INFO] "GET /static/js/plugins/jquery.uniform.min.js HTTP/1.1" 200 9323
[2019-01-08 16:24:52,047] [INFO] "GET /static/js/plugins/jquery.dataTables.min.js HTTP/1.1" 200 70883
[2019-01-08 16:24:52,048] [INFO] "GET /static/css/style.default.css HTTP/1.1" 200 121140
[2019-01-08 16:24:52,049] [INFO] "GET /static/js/plugins/jquery-1.7.min.js HTTP/1.1" 200 94020
[2019-01-08 16:24:52,051] [INFO] "GET /static/js/plugins/jquery-ui-1.8.16.custom.min.js HTTP/1.1" 200 210463
[2019-01-08 16:24:52,058] [INFO] "GET /static/js/plugins/charCount.js HTTP/1.1" 200 1571
[2019-01-08 16:24:52,059] [INFO] "GET /static/js/plugins/jquery.tagsinput.min.js HTTP/1.1" 200 6400
[2019-01-08 16:24:52,059] [INFO] "GET /static/js/plugins/jquery.validate.min.js HTTP/1.1" 200 21601
[2019-01-08 16:24:52,060] [INFO] "GET /static/js/plugins/ui.spinner.min.js HTTP/1.1" 200 8253
[2019-01-08 16:24:52,063] [INFO] "GET /static/js/plugins/chosen.jquery.min.js HTTP/1.1" 200 22939
[2019-01-08 16:24:52,076] [INFO] "GET /static/css/plugins/jquery.alerts.css HTTP/1.1" 200 2503
[2019-01-08 16:24:52,076] [INFO] "GET /static/fonts/roboto.css HTTP/1.1" 200 6933
[2019-01-08 16:24:52,076] [INFO] "GET /static/css/plugins/jquery.ui.autocomplete.css HTTP/1.1" 200 901
[2019-01-08 16:24:52,079] [INFO] "GET /static/css/plugins/uniform.tp.css HTTP/1.1" 200 10550
[2019-01-08 16:24:52,082] [INFO] "GET /static/css/plugins/fullcalendar.css HTTP/1.1" 200 11810
[2019-01-08 16:24:52,082] [INFO] "GET /static/css/plugins/jquery.ui.css HTTP/1.1" 200 9186
[2019-01-08 16:24:52,082] [INFO] "GET /static/css/plugins/colorbox.css HTTP/1.1" 200 2259
[2019-01-08 16:24:52,086] [INFO] "GET /static/css/plugins/colorpicker.css HTTP/1.1" 200 3435
[2019-01-08 16:24:52,087] [INFO] "GET /static/css/plugins/jquery.jgrowl.css HTTP/1.1" 200 1943
[2019-01-08 16:24:52,090] [INFO] "GET /static/css/plugins/jquery.tagsinput.css HTTP/1.1" 200 918
[2019-01-08 16:24:52,091] [INFO] "GET /static/css/plugins/ui.spinner.css HTTP/1.1" 200 506
[2019-01-08 16:24:52,092] [INFO] "GET /static/css/plugins/jquery.chosen.css HTTP/1.1" 200 11789
[2019-01-08 16:24:52,093] [INFO] "GET /static/js/custom/general.js HTTP/1.1" 200 9570
[2019-01-08 16:24:52,097] [INFO] "GET /static/js/custom/tables.js HTTP/1.1" 200 4662
[2019-01-08 16:24:52,097] [INFO] "GET /static/js/custom.js HTTP/1.1" 200 1269
[2019-01-08 16:24:52,098] [INFO] "GET /static/images/thumbs/avatar.png HTTP/1.1" 200 1473
[2019-01-08 16:24:52,099] [INFO] "GET /static/images/thumbs/avatarbig.png HTTP/1.1" 200 16493
[2019-01-08 16:24:52,163] [INFO] "GET /static/images/default/topheaderbg.png HTTP/1.1" 200 4093
[2019-01-08 16:24:52,163] [INFO] "GET /static/images/line.ccc.png HTTP/1.1" 200 109
[2019-01-08 16:24:52,166] [INFO] "GET /static/images/default/searchbutton.png HTTP/1.1" 200 3462
[2019-01-08 16:24:52,166] [INFO] "GET /static/images/default/userinfoarrow.png HTTP/1.1" 200 207
[2019-01-08 16:24:52,167] [INFO] "GET /static/images/default/headerbg.png HTTP/1.1" 200 1144
[2019-01-08 16:24:52,168] [INFO] "GET /static/fonts/Roboto-Condensed-webfont.woff HTTP/1.1" 200 21836
[2019-01-08 16:24:52,168] [INFO] "GET /static/images/default/arrow-active.png HTTP/1.1" 200 21122
[2019-01-08 16:24:52,170] [INFO] "GET /static/fonts/Roboto-BoldCondensed-webfont.woff HTTP/1.1" 200 21440
[2019-01-08 16:24:52,171] [INFO] "GET /static/images/icons/flatscreen.white.png HTTP/1.1" 200 337
[2019-01-08 16:24:52,175] [INFO] "GET /static/images/icons/message.white.png HTTP/1.1" 200 556
[2019-01-08 16:24:52,177] [INFO] "GET /static/images/icons/pencil.white.png HTTP/1.1" 200 464
[2019-01-08 16:24:52,178] [INFO] "GET /static/images/default/icons_sprite.png HTTP/1.1" 200 3631
[2019-01-08 16:24:52,178] [INFO] "GET /static/images/icons/chart.white.png HTTP/1.1" 200 231
[2019-01-08 16:24:52,179] [INFO] "GET /static/images/default/menuarrow.png HTTP/1.1" 200 2884
[2019-01-08 16:24:52,179] [INFO] "GET /static/images/menucollapsed.png HTTP/1.1" 200 875
[2019-01-08 16:24:52,180] [INFO] "GET /static/images/default/noise.white.png HTTP/1.1" 200 7924
[2019-01-08 16:24:52,196] [INFO] "GET /static/images/sort_both.png HTTP/1.1" 200 2957
[2019-01-08 16:24:52,207] [INFO] "GET /static/images/uniform/sprite.png HTTP/1.1" 200 18012
[2019-01-08 16:24:52,216] [INFO] "GET /static/images/default/bghover.png HTTP/1.1" 200 17273
[2019-01-08 16:24:52,300] [INFO] "GET /static/images/default/icons_sprite2.png HTTP/1.1" 200 2934
[2019-01-08 16:24:53,201] [INFO] "GET /static/images/line.dashed.png HTTP/1.1" 200 128
[2019-01-08 16:24:55,623] [INFO] -----------edit assets----------1
[2019-01-08 16:24:55,624] [ERROR] Internal Server Error: /assets/edit/1
Traceback (most recent call last):
  File "/usr/local/lib/python2.7/site-packages/django/core/handlers/exception.py", line 41, in inner
    response = get_response(request)
  File "/usr/local/lib/python2.7/site-packages/django/core/handlers/base.py", line 187, in _get_response
    response = self.process_exception_by_middleware(e, request)
  File "/usr/local/lib/python2.7/site-packages/django/core/handlers/base.py", line 185, in _get_response
    response = wrapped_callback(request, *callback_args, **callback_kwargs)
  File "/Users/limengyu/open/k8s_manager/k8s_manager/assets.py", line 52, in edit
    obj = models.Assets.objects.filter(pk=pk).first()
NameError: global name 'models' is not defined
[2019-01-08 16:24:55,688] [ERROR] "GET /assets/edit/1 HTTP/1.1" 500 15493
[2019-01-08 16:26:21,808] [INFO] "GET /assets HTTP/1.1" 200 6136
[2019-01-08 16:26:21,963] [INFO] "GET /static/js/plugins/jquery-1.7.min.js HTTP/1.1" 200 94020
[2019-01-08 16:26:21,967] [INFO] "GET /static/js/plugins/jquery.cookie.js HTTP/1.1" 200 1782
[2019-01-08 16:26:21,971] [INFO] "GET /static/js/plugins/jquery.uniform.min.js HTTP/1.1" 200 8192
[2019-01-08 16:26:21,971] [INFO] "GET /static/css/style.default.css HTTP/1.1" 200 121140
[2019-01-08 16:26:21,971] [INFO] "GET /static/js/plugins/jquery.validate.min.js HTTP/1.1" 200 21601
[2019-01-08 16:26:21,972] [INFO] "GET /static/js/plugins/jquery.tagsinput.min.js HTTP/1.1" 200 6400
[2019-01-08 16:26:21,972] [INFO] - Broken pipe from ('127.0.0.1', 53676)

[2019-01-08 16:26:21,975] [INFO] "GET /static/js/plugins/jquery-ui-1.8.16.custom.min.js HTTP/1.1" 200 8192
[2019-01-08 16:26:21,976] [INFO] - Broken pipe from ('127.0.0.1', 53670)

[2019-01-08 16:26:21,977] [INFO] "GET /static/js/plugins/jquery.dataTables.min.js HTTP/1.1" 200 16384
[2019-01-08 16:26:21,977] [INFO] - Broken pipe from ('127.0.0.1', 53674)

[2019-01-08 16:26:24,909] [INFO] "GET /assets HTTP/1.1" 200 6136
[2019-01-08 16:26:24,924] [INFO] "GET /static/css/style.default.css HTTP/1.1" 200 121140
[2019-01-08 16:26:24,933] [INFO] "GET /static/js/plugins/jquery.cookie.js HTTP/1.1" 200 1782
[2019-01-08 16:26:24,938] [INFO] "GET /static/js/plugins/jquery.validate.min.js HTTP/1.1" 200 21601
[2019-01-08 16:26:24,938] [INFO] "GET /static/js/plugins/jquery.uniform.min.js HTTP/1.1" 200 9323
[2019-01-08 16:26:24,938] [INFO] "GET /static/js/plugins/jquery-1.7.min.js HTTP/1.1" 200 94020
[2019-01-08 16:26:24,939] [INFO] "GET /static/js/plugins/jquery.dataTables.min.js HTTP/1.1" 200 70883
[2019-01-08 16:26:24,942] [INFO] "GET /static/js/plugins/jquery-ui-1.8.16.custom.min.js HTTP/1.1" 200 210463
[2019-01-08 16:26:24,942] [INFO] "GET /static/fonts/roboto.css HTTP/1.1" 200 6933
[2019-01-08 16:26:24,952] [INFO] "GET /static/css/plugins/jquery.alerts.css HTTP/1.1" 200 2503
[2019-01-08 16:26:24,953] [INFO] "GET /static/css/plugins/uniform.tp.css HTTP/1.1" 200 10550
[2019-01-08 16:26:24,954] [INFO] "GET /static/css/plugins/jquery.ui.css HTTP/1.1" 200 9186
[2019-01-08 16:26:24,957] [INFO] "GET /static/css/plugins/fullcalendar.css HTTP/1.1" 200 11810
[2019-01-08 16:26:24,957] [INFO] "GET /static/css/plugins/colorbox.css HTTP/1.1" 200 2259
[2019-01-08 16:26:24,957] [INFO] "GET /static/css/plugins/jquery.ui.autocomplete.css HTTP/1.1" 200 901
[2019-01-08 16:26:24,959] [INFO] "GET /static/css/plugins/colorpicker.css HTTP/1.1" 200 3435
[2019-01-08 16:26:24,962] [INFO] "GET /static/css/plugins/jquery.jgrowl.css HTTP/1.1" 200 1943
[2019-01-08 16:26:24,965] [INFO] "GET /static/css/plugins/jquery.tagsinput.css HTTP/1.1" 200 918
[2019-01-08 16:26:24,967] [INFO] "GET /static/css/plugins/ui.spinner.css HTTP/1.1" 200 506
[2019-01-08 16:26:24,969] [INFO] "GET /static/css/plugins/jquery.chosen.css HTTP/1.1" 200 11789
[2019-01-08 16:26:24,971] [INFO] "GET /static/js/plugins/ui.spinner.min.js HTTP/1.1" 200 8253
[2019-01-08 16:26:24,971] [INFO] "GET /static/js/plugins/jquery.tagsinput.min.js HTTP/1.1" 200 6400
[2019-01-08 16:26:24,972] [INFO] "GET /static/js/plugins/charCount.js HTTP/1.1" 200 1571
[2019-01-08 16:26:24,975] [INFO] "GET /static/js/plugins/chosen.jquery.min.js HTTP/1.1" 200 22939
[2019-01-08 16:26:24,977] [INFO] "GET /static/js/custom/general.js HTTP/1.1" 200 9570
[2019-01-08 16:26:24,978] [INFO] "GET /static/js/custom/tables.js HTTP/1.1" 200 4662
[2019-01-08 16:26:24,978] [INFO] "GET /static/js/custom.js HTTP/1.1" 200 1269
[2019-01-08 16:26:24,980] [INFO] "GET /static/images/thumbs/avatarbig.png HTTP/1.1" 200 16493
[2019-01-08 16:26:24,980] [INFO] "GET /static/images/thumbs/avatar.png HTTP/1.1" 200 1473
[2019-01-08 16:26:25,095] [INFO] "GET /static/images/line.ccc.png HTTP/1.1" 200 109
[2019-01-08 16:26:25,095] [INFO] "GET /static/images/default/topheaderbg.png HTTP/1.1" 200 4093
[2019-01-08 16:26:25,105] [INFO] "GET /static/images/default/searchbutton.png HTTP/1.1" 200 3462
[2019-01-08 16:26:25,107] [INFO] "GET /static/images/icons/flatscreen.white.png HTTP/1.1" 200 337
[2019-01-08 16:26:25,108] [INFO] "GET /static/images/default/userinfoarrow.png HTTP/1.1" 200 207
[2019-01-08 16:26:25,109] [INFO] "GET /static/images/default/headerbg.png HTTP/1.1" 200 1144
[2019-01-08 16:26:25,109] [INFO] "GET /static/images/default/arrow-active.png HTTP/1.1" 200 21122
[2019-01-08 16:26:25,109] [INFO] "GET /static/images/icons/message.white.png HTTP/1.1" 200 556
[2019-01-08 16:26:25,111] [INFO] "GET /static/fonts/Roboto-Condensed-webfont.woff HTTP/1.1" 200 21836
[2019-01-08 16:26:25,112] [INFO] "GET /static/fonts/Roboto-BoldCondensed-webfont.woff HTTP/1.1" 200 21440
[2019-01-08 16:26:25,117] [INFO] "GET /static/images/icons/chart.white.png HTTP/1.1" 200 231
[2019-01-08 16:26:25,118] [INFO] "GET /static/images/default/icons_sprite.png HTTP/1.1" 200 3631
[2019-01-08 16:26:25,118] [INFO] "GET /static/images/icons/pencil.white.png HTTP/1.1" 200 464
[2019-01-08 16:26:25,119] [INFO] "GET /static/images/default/menuarrow.png HTTP/1.1" 200 2884
[2019-01-08 16:26:25,120] [INFO] "GET /static/images/menucollapsed.png HTTP/1.1" 200 875
[2019-01-08 16:26:25,120] [INFO] "GET /static/images/default/noise.white.png HTTP/1.1" 200 7924
[2019-01-08 16:26:25,156] [INFO] "GET /static/images/sort_both.png HTTP/1.1" 200 2957
[2019-01-08 16:26:25,165] [INFO] "GET /static/images/uniform/sprite.png HTTP/1.1" 200 18012
[2019-01-08 16:26:25,283] [INFO] "GET /static/images/default/bghover.png HTTP/1.1" 200 17273
[2019-01-08 16:26:27,581] [INFO] -----------edit assets----------1
[2019-01-08 16:26:27,588] [INFO] "GET /assets/edit/1 HTTP/1.1" 200 4069
[2019-01-08 16:26:27,596] [INFO] "GET /static/js/product-form.js?_=1546964787593 HTTP/1.1" 200 3174
[2019-01-08 16:26:34,486] [INFO] "GET /static/images/default/icons_sprite2.png HTTP/1.1" 200 2934
[2019-01-08 16:28:27,246] [INFO] "GET /assets HTTP/1.1" 200 6136
[2019-01-08 16:28:27,390] [INFO] "GET /static/js/plugins/jquery-ui-1.8.16.custom.min.js HTTP/1.1" 200 210463
[2019-01-08 16:28:27,392] [INFO] "GET /static/js/plugins/jquery-1.7.min.js HTTP/1.1" 200 94020
[2019-01-08 16:28:27,392] [INFO] "GET /static/css/style.default.css HTTP/1.1" 200 121140
[2019-01-08 16:28:27,395] [INFO] "GET /static/js/plugins/jquery.cookie.js HTTP/1.1" 200 1782
[2019-01-08 16:28:27,398] [INFO] "GET /static/js/plugins/jquery.tagsinput.min.js HTTP/1.1" 200 6400
[2019-01-08 16:28:27,399] [INFO] "GET /static/js/plugins/jquery.validate.min.js HTTP/1.1" 200 21601
[2019-01-08 16:28:27,401] [INFO] "GET /static/js/plugins/ui.spinner.min.js HTTP/1.1" 200 8253
[2019-01-08 16:28:27,401] [INFO] "GET /static/js/plugins/jquery.uniform.min.js HTTP/1.1" 200 9323
[2019-01-08 16:28:27,403] [INFO] "GET /static/js/plugins/jquery.dataTables.min.js HTTP/1.1" 200 70883
[2019-01-08 16:28:27,404] [INFO] "GET /static/fonts/roboto.css HTTP/1.1" 200 6933
[2019-01-08 16:28:27,412] [INFO] "GET /static/css/plugins/jquery.ui.autocomplete.css HTTP/1.1" 200 901
[2019-01-08 16:28:27,413] [INFO] "GET /static/css/plugins/uniform.tp.css HTTP/1.1" 200 10550
[2019-01-08 16:28:27,414] [INFO] "GET /static/css/plugins/jquery.ui.css HTTP/1.1" 200 9186
[2019-01-08 16:28:27,415] [INFO] "GET /static/css/plugins/jquery.alerts.css HTTP/1.1" 200 2503
[2019-01-08 16:28:27,416] [INFO] "GET /static/css/plugins/fullcalendar.css HTTP/1.1" 200 11810
[2019-01-08 16:28:27,417] [INFO] "GET /static/css/plugins/colorpicker.css HTTP/1.1" 200 3435
[2019-01-08 16:28:27,417] [INFO] "GET /static/css/plugins/colorbox.css HTTP/1.1" 200 2259
[2019-01-08 16:28:27,421] [INFO] "GET /static/css/plugins/jquery.tagsinput.css HTTP/1.1" 200 918
[2019-01-08 16:28:27,423] [INFO] "GET /static/css/plugins/jquery.jgrowl.css HTTP/1.1" 200 1943
[2019-01-08 16:28:27,423] [INFO] "GET /static/css/plugins/ui.spinner.css HTTP/1.1" 200 506
[2019-01-08 16:28:27,424] [INFO] "GET /static/css/plugins/jquery.chosen.css HTTP/1.1" 200 11789
[2019-01-08 16:28:27,425] [INFO] "GET /static/js/plugins/charCount.js HTTP/1.1" 200 1571
[2019-01-08 16:28:27,427] [INFO] "GET /static/js/plugins/chosen.jquery.min.js HTTP/1.1" 200 22939
[2019-01-08 16:28:27,429] [INFO] "GET /static/js/custom/tables.js HTTP/1.1" 200 4662
[2019-01-08 16:28:27,430] [INFO] "GET /static/js/custom/general.js HTTP/1.1" 200 9570
[2019-01-08 16:28:27,431] [INFO] "GET /static/js/custom.js HTTP/1.1" 200 1269
[2019-01-08 16:28:27,431] [INFO] "GET /static/images/thumbs/avatar.png HTTP/1.1" 200 1473
[2019-01-08 16:28:27,432] [INFO] "GET /static/images/thumbs/avatarbig.png HTTP/1.1" 200 16493
[2019-01-08 16:28:27,547] [INFO] "GET /static/images/line.ccc.png HTTP/1.1" 200 109
[2019-01-08 16:28:27,547] [INFO] "GET /static/images/default/topheaderbg.png HTTP/1.1" 200 4093
[2019-01-08 16:28:27,559] [INFO] "GET /static/images/default/searchbutton.png HTTP/1.1" 200 3462
[2019-01-08 16:28:27,559] [INFO] "GET /static/images/default/userinfoarrow.png HTTP/1.1" 200 207
[2019-01-08 16:28:27,559] [INFO] "GET /static/images/icons/flatscreen.white.png HTTP/1.1" 200 337
[2019-01-08 16:28:27,560] [INFO] "GET /static/images/default/headerbg.png HTTP/1.1" 200 1144
[2019-01-08 16:28:27,560] [INFO] "GET /static/images/default/arrow-active.png HTTP/1.1" 200 21122
[2019-01-08 16:28:27,562] [INFO] "GET /static/fonts/Roboto-Condensed-webfont.woff HTTP/1.1" 200 21836
[2019-01-08 16:28:27,563] [INFO] "GET /static/fonts/Roboto-BoldCondensed-webfont.woff HTTP/1.1" 200 21440
[2019-01-08 16:28:27,572] [INFO] "GET /static/images/icons/message.white.png HTTP/1.1" 200 556
[2019-01-08 16:28:27,573] [INFO] "GET /static/images/icons/pencil.white.png HTTP/1.1" 200 464
[2019-01-08 16:28:27,575] [INFO] "GET /static/images/default/icons_sprite.png HTTP/1.1" 200 3631
[2019-01-08 16:28:27,575] [INFO] "GET /static/images/menucollapsed.png HTTP/1.1" 200 875
[2019-01-08 16:28:27,576] [INFO] "GET /static/images/default/menuarrow.png HTTP/1.1" 200 2884
[2019-01-08 16:28:27,576] [INFO] "GET /static/images/icons/chart.white.png HTTP/1.1" 200 231
[2019-01-08 16:28:27,578] [INFO] "GET /static/images/default/noise.white.png HTTP/1.1" 200 7924
[2019-01-08 16:28:27,616] [INFO] "GET /static/images/sort_both.png HTTP/1.1" 200 2957
[2019-01-08 16:28:27,629] [INFO] "GET /static/images/uniform/sprite.png HTTP/1.1" 200 18012
[2019-01-08 16:28:28,535] [INFO] "GET /static/images/default/bghover.png HTTP/1.1" 200 17273
[2019-01-08 16:28:29,686] [INFO] -----------edit assets----------1
[2019-01-08 16:28:29,701] [INFO] "GET /assets/edit/1 HTTP/1.1" 200 4558
[2019-01-08 16:28:29,710] [INFO] "GET /static/js/product-form.js?_=1546964909707 HTTP/1.1" 200 3174
